### ISSUE TITLE
APP CRASH (xp32 calc bbsize client)

### ISSUE THREAD

**Issue by derekbruening** [DynamoRIO/dynamorio#1023]
_From [bruen...@google.com](https://code.google.com/u/109494838902877177630/) on December 13, 2012 21:41:21_

this is with the 4.0 RC1 build on xp32

crashes starting up calc w/ bbsize client (works w/ no client):

(cf4.384): Access violation - code c0000005 (first chance)
First chance exceptions are reported before any exception handling.
This exception may be expected and handled.
eax=00000001 ebx=00000000 ecx=0007f71c edx=7c90e460 esi=0000c017 edi=ffff0000
eip=20c0c564 esp=0007f71c ebp=0007fc38 iopl=0         nv up ei pl nz na pe nc
cs=001b  ss=0023  ds=0023  es=0023  fs=003b  gs=0000             efl=00010202
20c0c564 8b4030           mov     eax,[eax+0x30]    ds:0023:00000031=????????
0:000> U eip
20c0c564 8b4030           mov     eax,[eax+0x30]
20c0c567 8b402c           mov     eax,[eax+0x2c]
20c0c56a 64890de80e0000   mov     fs:[00000ee8],ecx
20c0c571 8b0c90           mov     ecx,[eax+edx*4]
20c0c574 6873e4907c       push    0x7c90e473
20c0c579 e9c262feff       jmp     20bf2840

0:000> kn
 # ChildEBP RetAddr  
WARNING: Frame IP not in any known module. Following frames may be wrong.
00 0007fc38 7e4269c7 0x20c0c564
01 0007fd10 7e42683e USER32!InternalCreateDialog+0x929
02 0007fd34 7e41ea84 USER32!CreateDialogIndirectParamAorW+0x33
03 0007fd60 01001b96 USER32!CreateDialogParamW+0x49
04 0007fe08 0100212e calc!InitSciCalc+0x17f
05 0007ff1c 010125e9 calc!WinMain+0x1dd
06 0007ffc0 7c817077 calc!WinMainCRTStartup+0x174
07 0007fff0 00000000 kernel32!BaseProcessStart+0x23

_Original issue: http://code.google.com/p/dynamorio/issues/detail?id=1023_
