### ISSUE TITLE
CRASH (win8 6.2 dbghelp dbghelp!ClearFeCaches) on drsym_exit

### ISSUE THREAD

**Issue by derekbruening** [DynamoRIO/dynamorio#1098]
_From [bruen...@google.com](https://code.google.com/u/109494838902877177630/) on February 28, 2013 12:46:53_

(f2c.c40): Access violation - code c0000005 (first chance)
First chance exceptions are reported before any exception handling.
This exception may be expected and handled.
eax=ffffffff ebx=00000000 ecx=7ec1e000 edx=00000001 esi=753f9c60 edi=00000000
eip=733ba4ea esp=2579e708 ebp=2579e748 iopl=0         nv up ei pl zr na po nc
cs=0023  ss=002b  ds=002b  es=002b  fs=0053  gs=002b             efl=00010246
dbghelp!ClearFeCaches+0x2d:
733ba4ea 395818           cmp     [eax+0x18],ebx    ds:002b:00000017=????????
0:000> kn
 # ChildEBP RetAddr  
00 2579e710 733bf4a6 dbghelp!ClearFeCaches+0x2d
01 2579e748 733bf56b dbghelp!lSymCleanup+0xa9
02 2579e77c 01f234fa dbghelp!SymCleanup+0x27
03 2579e790 01ebc47b drmemorylib!drsym_exit+0x5a [c:\derek\dr\git\src\ext\drsyms\drsyms_windows.c @ 233]

0:000> r
Last set context:
eax=ffffffff ebx=00000000 ecx=7ef7f000 edx=00000001 esi=753f9c60 edi=00000000
eip=733ba4ea esp=1e48e708 ebp=1e48e748 iopl=0         nv up ei pl zr na po nc
cs=0023  ss=002b  ds=002b  es=002b  fs=0053  gs=002b             efl=00010246
dbghelp!ClearFeCaches+0x2d:
733ba4ea 395818           cmp     [eax+0x18],ebx    ds:002b:00000017=????????

0:000> U eip-2d L10
dbghelp!ClearFeCaches:
733ba4bd a160fd4873       mov     eax,[dbghelp!g+0x8 (7348fd60)]
733ba4c2 83f8ff           cmp     eax,0xffffffff
733ba4c5 0f84ea000000     je      dbghelp!ClearFeCaches+0xf8 (733ba5b5)
733ba4cb 50               push    eax
733ba4cc ff15e0b34a73   call dword ptr [dbghelp!_imp__TlsGetValue (734ab3e0)]
733ba4d2 85c0             test    eax,eax
733ba4d4 0f84db000000     je      dbghelp!ClearFeCaches+0xf8 (733ba5b5)
733ba4da 53               push    ebx
733ba4db 56               push    esi
733ba4dc 57               push    edi
733ba4dd e83bf3ffff       call    dbghelp!GetTlsPtr (733b981d)
733ba4e2 8b3594b54a73     mov     esi,[dbghelp!_imp_??3YAXPAXZ (734ab594)]
733ba4e8 33db             xor     ebx,ebx
733ba4ea 395818           cmp     [eax+0x18],ebx   <=== crash

0:000> U 733b981d
dbghelp!GetTlsPtr:
733b981d a160fd4873       mov     eax,[dbghelp!g+0x8 (7348fd60)]
733b9822 83f8ff           cmp     eax,0xffffffff
733b9825 7503             jnz     dbghelp!GetTlsPtr+0xd (733b982a)
733b9827 33c0             xor     eax,eax
733b9829 c3               ret
733b982a 56               push    esi
733b982b 50               push    eax
733b982c ff15e0b34a73   call dword ptr [dbghelp!_imp__TlsGetValue (734ab3e0)]
0:000> dd 7348fd60
7348fd60  00000003 00000094 00000006 00000002

the TLS slot is clobbered with -1 here:
0:000> kn
 # ChildEBP RetAddr  
00 2082e860 737975b7 dynamorio!os_terminate_wow64_write_args+0x53 [c:\derek\dr\git\src\core\win32\os.c @ 1140]
01 2082eab4 7378ecdb dynamorio!presys_TerminateProcess+0xde7 [c:\derek\dr\git\src\core\win32\syscall.c @ 1419]

os_terminate_wow64_stack() assumes TEB is dead!
needs 4 slots.
SpareBytes1?
or try to delay the setup of the syscall stack until priv lib cleanup is done?

_Original issue: http://code.google.com/p/dynamorio/issues/detail?id=1098_
