### ISSUE TITLE
CRASH (win8 x64 drsyms _chkstk) => must swap TEB.StackLimit!

### ISSUE THREAD

**Issue by derekbruening** [DynamoRIO/dynamorio#1102]
_From [bruen...@google.com](https://code.google.com/u/109494838902877177630/) on March 01, 2013 18:19:21_

running x64 drsyms test on win8 we hit a crash:

0:000> kn
  **\* Stack trace for last set context - .thread/.cxr resets it
 # Child-SP          RetAddr           Call Site
00 00000000`19c9cbb8 00000000`0003ed58 dbghelp!_chkstk+0x37
01 00000000`19c9cbd0 00000000`00040038 dbghelp!ExpandPath+0x10
02 00000000`19c9cbe0 00000000`00040517 dbghelp!FindExecutable+0x99
03 00000000`19c9d1b0 00000000`0004069f dbghelp!FindExe+0x37
04 00000000`19c9d1f0 00000000`00043e11 dbghelp!FindExecutableImageExW+0x37
05 00000000`19c9d250 00000000`00042970 dbghelp!imgReadFromDisk+0xdd
06 00000000`19c9d290 00000000`00042ffa dbghelp!modload+0x2b0
07 00000000`19c9d790 00000000`0003afb3 dbghelp!LoadModule+0x3db
08 00000000`19c9dc90 00000000`760020fe dbghelp!SymLoadModuleExW+0x3f
09 00000000`19c9dce0 00000000`76002243 drsyms!load_module+0x16e [c:\derek\dr\git\src\ext\drsyms\drsyms_windows.c @ 338]
0a 00000000`19c9df70 00000000`76001789 drsyms!lookup_or_load+0x93 [c:\derek\dr\git\src\ext\drsyms\drsyms_windows.c @ 377]
0b 00000000`19c9dfb0 00000000`72001778 drsyms!drsym_get_module_debug_kind+0x59 [c:\derek\dr\git\src\ext\drsyms\drsyms_windows.c @ 1363]
0c 00000000`19c9dff0 00000000`15382d55 client_drsyms_test_dll!lookup_dll_syms+0x108 [c:\derek\dr\git\src\suite\tests\client-interface\drsyms-test.dll.cpp @ 479]
0d 00000000`19c9e1b0 00000000`15382c35 dynamorio!instrument_module_load+0xf5 [c:\derek\dr\git\src\core\x86\instrument.c @ 1746]
0e 00000000`19c9e230 00000000`153aa763 dynamorio!instrument_module_load_trigger+0xa5 [c:\derek\dr\git\src\core\x86\instrument.c @ 1722]

0:000> U rip
dbghelp!_chkstk+0x37:
00000000`00011057 45841b          test    byte ptr [ r11 ],r11b
0:000> r
Last set context:
rax=0000000000001490 rbx=0000000000000000 rcx=0000000019f49dc0
rdx=0000000019ebd4b4 rsi=0000000019ebd4b4 rdi=0000000019ebd4b4
rip=0000000000011057 rsp=0000000019c9cbb8 rbp=0000000000000000 r8 =0000000019f49dc0 r9 =0000000019ebc742 r10 =0000000019c9b000 r11 =00000089f0693000 r12 =0000000000000000 r13 =0000000019c9d220 r14 =0000000019cc1a50 r15 =0000000019ebc742
iopl=0         nv up ei ng nz na po cy
cs=0033  ss=002b  ds=002b  es=002b  fs=0053  gs=002b             efl=00010287
dbghelp!_chkstk+0x37:
00000000`00011057 45841b          test    byte ptr [ r11 ],r11b ds:00000089`f0693000=00
0:000> !teb
TEB at 000007f7333de000
    ExceptionList:        0000000000000000
    StackBase:            00000089f1020000
    StackLimit:           00000089f0691000

xref issue #921 : solved by eliminating _chkstk from DR.
_chkstk reads only StackLimit:

0:000> Uf dbghelp!_chkstk
dbghelp!_chkstk:
00000000`00011020 4883ec10        sub     rsp,10h
00000000`00011024 4c891424        mov     qword ptr [rsp], r10 00000000`00011028 4c895c2408      mov     qword ptr [rsp+8], r11 00000000`0001102d 4d33db          xor r11 , r11 00000000`00011030 4c8d542418      lea r10 ,[rsp+18h]
00000000`00011035 4c2bd0          sub r10 ,rax
00000000`00011038 4d0f42d3        cmovb r10 , r11 00000000`0001103c 654c8b1c2510000000 mov r11 ,qword ptr gs:[10h]
00000000`00011045 4d3bd3          cmp r10 , r11 00000000`00011048 7315            jae     dbghelp!_chkstk+0x3f (00000000`0001105f)

dbghelp!_chkstk+0x2a:
00000000`0001104a 664181e200f0    and     r10w,0F000h

dbghelp!_chkstk+0x30:
00000000`00011050 4d8d9b00f0ffff  lea r11 ,[ r11 -1000h]
00000000`00011057 45841b          test    byte ptr [ r11 ],r11b
00000000`0001105a 4d3bd3          cmp r10 , r11 00000000`0001105d 75f1            jne     dbghelp!_chkstk+0x30 (00000000`00011050)

dbghelp!_chkstk+0x3f:
00000000`0001105f 4c8b1424        mov r10 ,qword ptr [rsp]
00000000`00011063 4c8b5c2408      mov r11 ,qword ptr [rsp+8]
00000000`00011068 4883c410        add     rsp,10h
00000000`0001106c c3              ret

why haven't we seen this before?  related to issue #921 where pre-win8 stacks were always lower than our dstack?

_Original issue: http://code.google.com/p/dynamorio/issues/detail?id=1102_
