### ISSUE TITLE
SYS_mmap claims to succeed but raises SIGBUS if invoked by int or w/ #arg encoding

### ISSUE THREAD

**Issue by derekbruening** [DynamoRIO/dynamorio#1361]
_From [bruen...@google.com](https://code.google.com/u/109494838902877177630/) on February 09, 2014 23:20:57_

I'm trying to get symquery to run on Mac, to test issue #1359 (drsyms on Mac).
But, while the dr_map_file of the target succeeds, I get a SIGBUS accessing
any part of it.

As an aside, the offset arg is not in units of pages like 32-bit Linux:

/extsw/mac/xnu-1699.32.7/libsyscall/wrappers/unix03/mmap.c
         \* Preemptory failures:
         \* 
         \* o    off is not a multiple of the page size
        if ((off & PAGE_MASK) ||

But we're passing 0.

I walked through test-mac/macho.c's mmap call: libSystem mmap is a very
thin layer over the syscall, made via sysenter, so libc is not doing
anything vs our raw syscall.

I don't get it: what's different about DR's mmap_syscall?  It uses int
instead of sysenter?
I tried invoking DR's mmap via sysenter: still get SIGBUS.

Having drsyms use libc mmap() w/ the same args => works, so it's not
something w/ the file opened by dr_open_file().

libc mmap:
(gdb) bt
#0  0x9c32a49d in _sysenter_trap ()
#1  0x9c3285ea in mmap ()
#2  0x00004197 in drsym_unix_load (modpath=0xbffffc77 "/Users/userdir/dr/test/leakcycle.dSYM/Contents/Resources/DWARF/leakcycle") at /Users/userdir/drmemory/git/src/dynamorio/ext/drsyms/drsyms_unix.c:440
#3  0x00003ec6 in lookup_or_load (modpath=0xbffffc77 "/Users/userdir/dr/test/leakcycle.dSYM/Contents/Resources/DWARF/leakcycle") at /Users/userdir/drmemory/git/src/dynamorio/ext/drsyms/drsyms_linux.c:79
#4  0x00003e49 in drsym_get_module_debug_kind (modpath=0xbffffc77 "/Users/userdir/dr/test/leakcycle.dSYM/Contents/Resources/DWARF/leakcycle", kind=0xbffff730) at /Users/userdir/drmemory/git/src/dynamorio/ext/drsyms/drsyms_linux.c:338
#5  0x0000334e in get_and_print_debug_kind (dllpath=0xbffffc77 "/Users/userdir/dr/test/leakcycle.dSYM/Contents/Resources/DWARF/leakcycle") at /Users/userdir/drmemory/git/src/tools/symquery.c:248
#6  0x00002f72 in enumerate_symbols (dllpath=0xbffffc77 "/Users/userdir/dr/test/leakcycle.dSYM/Contents/Resources/DWARF/leakcycle", match=0x0, search=0 '\0', searchall=0 '\0') at /Users/userdir/drmemory/git/src/tools/symquery.c:321
#7  0x00002b86 in main (argc=5, argv=0xbffffb74) at /Users/userdir/drmemory/git/src/tools/symquery.c:191
Breakpoint 4, 0x9c32a49d in _sysenter_trap ()
(gdb) x/8wx $esp
0xbffff50c:     0x00004490      0x00000000      0x00002d8b      0x00000001
0xbffff51c:     0x00000002      0x00000005      0x00000000      0x00000000
(gdb) info reg
eax            0xc5     197
ecx            0xbffff50c       -1073744628
edx            0x9c3285ea       -1674410518
ebx            0xbffff510       -1073744624
esp            0xbffff50c       0xbffff50c
ebp            0xbffff6a8       0xbffff6a8
esi            0x2d8b   11659
edi            0x5      5
eip            0x9c32a49d       0x9c32a49d <_sysenter_trap+3>
eflags         0x282    642
(gdb) stepi
0x9c3285fa in mmap ()
(gdb) info reg
eax            0x61000  397312
ecx            0xbffff50c       -1073744628
edx            0x0      0
ebx            0xbffff510       -1073744624
esp            0xbffff50c       0xbffff50c
ebp            0xbffff6a8       0xbffff6a8
esi            0x2d8b   11659
edi            0x5      5
eip            0x9c3285fa       0x9c3285fa <mmap+26>
eflags         0x282    642
(gdb) x/4wx $eax
0x61000:        0xfeedface      0x00000007      0x00000003      0x0000000a
# vmmap 94754
==== Non-writable regions for process 94754
mapped file            00061000-00064000 [   12K] r--/rwx SM=COW  ...er/derek/dr/test/leakcycle.dSYM/Contents/Resources/DWARF/leakcycle

DR sysenter:
(lldb) 
Process 94353 stopped
- thread `#1`: tid = 0x1f03, 0xf756dbd9 libdynamorio.4.2.dylib`syscall_sysenter_0args + 27, stop reason = instruction step into
  frame`#0`: 0xf756dbd9 libdynamorio.4.2.dylib`syscall_sysenter_0args + 27
  libdynamorio.4.2.dylib`syscall_sysenter_0args + 27:
  -> 0xf756dbd9:  sysenter

libdynamorio.4.2.dylib`post_sysenter:
   0xf756dbdb:  leal   32(&#37;esp), &#37;esp
   0xf756dbdf:  popl   &#37;edi
   0xf756dbe0:  popl   &#37;esi
(lldb) x/8wx`$esp`
0xbffff30c: 0x00000000 0x00000000 0x00002d8b 0x00000001
0xbffff31c: 0x00000002 0x0000000f 0x00000000 0x00000000
(lldb) reg read
General Purpose Registers:
       eax = 0x001800c5
       ebx = 0x00000000
       ecx = 0xbffff30c
       edx = 0xf756dbdb  libdynamorio.4.2.dylib`post_sysenter
       edi = 0x0000000f
       esi = 0x00000002
       ebp = 0x00000000
       esp = 0xbffff30c
        ss = 0x00000023
    eflags = 0x00000206
(lldb) stepi
Process 94353 stopped
- thread `#1`: tid = 0x1f03, 0xf756dbdf libdynamorio.4.2.dylib`post_sysenter + 4, stop reason = instruction step into
  frame`#0`: 0xf756dbdf libdynamorio.4.2.dylib`post_sysenter + 4
  libdynamorio.4.2.dylib`post_sysenter + 4:
  -> 0xf756dbdf:  popl   &#37;edi
  0xf756dbe0:  popl   &#37;esi
  0xf756dbe1:  popl   &#37;ebp
  0xf756dbe2:  popl   &#37;ebx
  (lldb) reg read
  General Purpose Registers:
     eax = 0x00062000
     ebx = 0x00000000
     ecx = 0xbffff30c
     edx = 0x00000000
     edi = 0x0000000f
     esi = 0x00000002
     ebp = 0x00000000
     esp = 0xbffff32c
      ss = 0x00000023
  eflags = 0x00000206
  (lldb) x/4wx`$eax`
  error: memory read failed
  (lldb) x/4wx 0x00062000
  error: memory read failed
  (lldb) x/4wx 0x00063000
  error: memory read failed
  (lldb) x/4wx 0x00064000
  error: memory read failed

# vmmap 94353
=>
==== Non-writable regions for process 94353
mapped file            00062000-00065000 [   12K] r--/rwx SM=COW  ...er/derek/dr/test/leakcycle.dSYM/Contents/Resources/DWARF/leakcycle

This is very bizarre: the syscall says it succeeded, and it shows up as
mapped w/ the right perms in the vmmap utility.  Yet I get SIGBUS on
access!

The only difference between the two is that libc's mmap does not have
its #args encoded into upper bits.  And in fact when I remove that => it
works!  But only if I use sysenter: not un-encoded with int.  Crazy, b/c
the original evidence on #arg encoding pointed at only sysenter using it.
Maybe mmap, with 6 args, is special?  But llseek had 7 args w/ the 64-bit
one and it used int.

This is a strange kernel quirk that may be version-specific?
This is on:
# uname -a
Darwin avocado.local 11.4.2 Darwin Kernel Version 11.4.2: Thu Aug 23 16:25:48 PDT 2012; root:xnu-1699.32.7~1/RELEASE_X86_64 x86_64

_Original issue: http://code.google.com/p/dynamorio/issues/detail?id=1361_
