### ISSUE TITLE
APP CRASH on ARM with any client that has a bb event

### ISSUE THREAD

**Issue by derekbruening** [DynamoRIO/dynamorio#1697]
Running full Chrome on ARM with any client that has a bb event results in an app crash:

```
<Application /mnt/usbkey/chrome-arm-build/Release/chrome (32500).  Application exception at PC 0xb1b99276.  
Signal 6 delivered to application as default action.
Callstack:
        0xb1b99276   </lib/arm-linux-gnueabihf/libc-2.15.so+0x17276>
        0xb1d13dc0   </usr/lib/arm-linux-gnueabihf/libstdc++.so.6.0.16+0x9ddc0>
        0xb1ce3919   </usr/lib/arm-linux-gnueabihf/libstdc++.so.6.0.16+0x6d919>
        0x26b0824d  
>
```

I am able to reproduce running url_unittests as well.

In gdb:

```
Program received signal SIGBUS, Bus error.

=> 0x4af0038c:  subs    r3, r1, #1

4aef9000-4af01000 rwxp 00000000 00:00 0 

Entry into F5829(0x000af094).0x4af00314 (T32)(shared)

(gdb) x/15i 0x000af094
   0xaf094 <base::FilePath::GetComponents(std::vector<>*) const+1168>: dmb     ish
   0xaf098 <base::FilePath::GetComponents(std::vector<>*) const+1172>: ldrex   r1, [r2]
   0xaf09c <base::FilePath::GetComponents(std::vector<>*) const+1176>: subs    r3, r1, #1
   0xaf09e <base::FilePath::GetComponents(std::vector<>*) const+1178>: strex   r5, r3, [r2]
   0xaf0a2 <base::FilePath::GetComponents(std::vector<>*) const+1182>: cmp     r5, #0
   0xaf0a4 <base::FilePath::GetComponents(std::vector<>*) const+1184>: bne.n   0xaf098 <base::FilePath::GetComponents(std::vector<>*) const+1172>
```

Must be the ldrex, b/c unaligned:

```
(gdb) info reg
r0             0x496bb27d       1231794813
r1             0x496bb289       1231794825
r2             0x496bb285       1231794821
r3             0x0      0
r4             0xb694dd00       3063209216
r5             0xfffffbbc       4294966204
r6             0xb694dd1c       3063209244
r7             0xbe81cf28       3196178216
r8             0xbe81cf18       3196178200
r9             0xb6bc9ba9       3065813929
r10            0x4acfd000       1255133184
r11            0xb694ddc0       3063209408
r12            0xfffffd80       4294966656
sp             0xbe81ced0       0xbe81ced0
lr             0xb694dddc       -1231757860
pc             0x4af0038c       0x4af0038c
cpsr           0xa00f0030       -1609629648
(gdb) x/50i 0x4af00314
   <...>
   0x4af00388:  ldrex   r1, [r2]
=> 0x4af0038c:  subs    r3, r1, #1

r2 is messed up by prior bb, due a messed up r1:

before instrumentation:
TAG  0x000af08c
 +0    L3              1f0a       subs   %r1 $0x00000004 -> %r2
 +2    L3              f1b9 0f00  cmp    %r9 $0x00000000
 +6    L3              d00b       b.eq   $0x000af0ac
END 0x000af08c

2 earlier:

TAG  0x000af0be
 +0    L3              6821       ldr    (%r4)[4byte] -> %r1
 +2    L3              f1a1 000c  sub    %r1 $0x0000000c -> %r0
 +6    L3              4550       cmp    %r0 %r10
 +8    L3              d1e1       b.ne   $0x000af08c
END 0x000af0be

r4 came from:
   0x000af070 <+1132>:  ldr     r4, [sp, #60]   ; 0x3c
earlier:
   0x000aeca4 <+160>:   vmov.i32        d16, #0 ; 0x00000000
   <...>
   0x000aecb2 <+174>:   vstr    d16, [sp, #60]  ; 0x3c
```

but w/ no watchpoints in gdb, painful to trace it further.

w/ opcodes => 0x49657289
w/ empty   => 0xb699bc0c
  logs/url_unittests.20798.00000000/log.0.20798.html

opcodes client w/ bb event doing nothing: still crashes in same way
opcodes client w/o registering for bb event: runs fine

it's bb->pass_to_client: if I have no bb event but still set it => crashes
  logs/url_unittests.19937.00000000/log*

looks like it's an exit type computation error.
the first bb discrepancy is a bb ending in a conditional OP_blx.
app OP_blx stub should look like this:

```
exit_branch_type=0xa target=0x48986180 l->flags=0x100a
  -------- exit stub 0: -------- <target: 0x48986180> type: indcall
  0x48a95438  f8ca 1004  str    %r1 -> +0x04(%r10)[4byte]
  0x48a9543c  f241 5138  movw   $0x00001538 -> %r1
  0x48a95440  f6c4 01a7  movt   $0x48a7 -> %r1[2byte]
  0x48a95444  f8da f03c  ldr    +0x3c(%r10)[4byte] -> %pc
```

w/ client_process_bb() we have:

```
exit_branch_type=0x0 target=0x0009e45a l->flags=0x1801
  -------- exit stub 0: -------- <target: 0x0009e45a> type: fall-through/speculated/IAT
  0x53c8d438  f8ca 0000  str    %r0 -> (%r10)[4byte]
  0x53c8d43c  f249 5074  movw   $0x00009574 -> %r0
  0x53c8d440  f2c5 30c4  movt   $0x53c4 -> %r0[2byte]
  0x53c8d444  f8da f018  ldr    +0x18(%r10)[4byte] -> %pc
```

app:
```
interp: start_pc = 0x0009e444
  <...>
  0x0009e456  f77a eede  blx.ne $0x00019214 -> %lr
mbr exit target = 0x53b5e180
```

aha, it's b/c it's conditional and so it matches instr_is_cbr() in client_process_bb().
