### ISSUE TITLE
DynamoRIO crash at startup on 32-bit Linux (Ubuntu 14.04)

### ISSUE THREAD

**Issue by zhaoqin** [DynamoRIO/dynamorio#1809]
```
dynamorio@ubuntu:~/Workspace/DynamoRIO/RCs/DynamoRIO-Linux-6.0.0-6$ ./bin32/drrun -- ls
Segmentation fault
dynamorio@ubuntu:~/Workspace/DynamoRIO/RCs/DynamoRIO-Linux-6.0.0-6$ ./bin32/drrun -no_early_inject -- ls
ACKNOWLEDGEMENTS  bin32  bin64	cmake  docs  drmemory  dynamorio  ext  include	lib32  lib64  License.txt  logs  README  samples  tools
```
Seems an early injection issue.

**Comment by zhaoqin** [comment]
Tracking the execution, it looks fine from the drrun process:
```
Breakpoint 6, execv (path=0xbfffc7a4 "/home/dynamorio/Workspace/DynamoRIO/builds/build_x86_dbg.git/bin32/../lib32/debug/libdynamorio.so", argv=0xbffff110) at execv.c:24
...
(gdb) si
__execve (file=file@entry=0xbfffc7a4 "/home/dynamorio/Workspace/DynamoRIO/builds/build_x86_dbg.git/bin32/../lib32/debug/libdynamorio.so", argv=argv@entry=0xbffff110, envp=0x80c1008)
    at ../sysdeps/unix/sysv/linux/execve.c:32
```
at system call:
```
(gdb) x/i $pc
=> 0xb7fdcca5:  sysenter 
0xb7fdcca5      sysenter                                                                                                                                                                                0xb7fdcca7      nop                                                                                                                                                                                     0xb7fdcca8      nop                                                                                                                                                                                     0xb7fdcca9      nop                                                                                                                                                                                     0xb7fdccaa      nop                                                                                                                                                                                     0xb7fdccab      nop                                                                                                                                                                                     0xb7fdccac      nop                                                                                                                                                                                     0xb7fdccad      nop                                                                                                                                                                                     0xb7fdccae      int    $0x80                                                                                                                                                                            0xb7fdccb0      pop    %ebp                                                                                                                                                                             0xb7fdccb1      pop    %edx                                                                                                                                                                             0xb7fdccb2      pop    %ecx  

(gdb) x/10x $esp
0xbfffbe0c:     0xbfffbe50      0x080c1008      0xbffff110      0xb7ecbc07
0xbfffbe1c:     0xb7fc0000      0xbfffdf58      0xb7ecbd4f      0xbfffc7a4
0xbfffbe2c:     0xbffff110      0x080c1008
(gdb) si
Cannot remove breakpoints because program is no longer writable.
Further execution is probably impossible.
0xb7fdccb0 in ?? ()
(gdb) info proc mapping
process 16538
Mapped address spaces:

        Start Addr   End Addr       Size     Offset objfile
        0x80000000 0x80387000   0x387000        0x0 /home/dynamorio/Workspace/DynamoRIO/builds/build_x86_dbg.git/lib32/debug/libdynamorio.so.6.0
        0xbffdf000 0xc0000000    0x21000        0x0 [stack]
(gdb) x/i $pc
=> 0xb7fdccb0:  Cannot access memory at address 0xb7fdccb0
(gdb) p/x $eax
$13 = 0xffffffea  (-22 -EINVAL)
```

**Comment by zhaoqin** [comment]
From execve man page, EINVAL is returned on "EINVAL An ELF executable had more than one PT_INTERP segment (i.e., tried to name more than one interpreter)."
It seems the kernel does not like how libdynamorio.so looks like.
```
$ readelf -h lib32/debug/libdynamorio.so 
ELF Header:
  Magic:   7f 45 4c 46 01 01 01 00 00 00 00 00 00 00 00 00 
  Class:                             ELF32
  Data:                              2's complement, little endian
  Version:                           1 (current)
  OS/ABI:                            UNIX - System V
  ABI Version:                       0
  Type:                              DYN (Shared object file)
  Machine:                           Intel 80386
  Version:                           0x1
  Entry point address:               0xf72794dc
  Start of program headers:          52 (bytes into file)
  Start of section headers:          3942152 (bytes into file)
  Flags:                             0x0
  Size of this header:               52 (bytes)
  Size of program headers:           32 (bytes)
  Number of program headers:         7
  Size of section headers:           40 (bytes)
  Number of section headers:         24
  Section header string table index: 21


Program Headers:
  Type           Offset   VirtAddr   PhysAddr   FileSiz MemSiz  Flg Align
  LOAD           0x000000 0xf7000000 0xf7000000 0x3864e0 0x3864e0 R E 0x1000
  LOAD           0x3869a0 0xf73879a0 0xf73879a0 0x3bc48 0x5f214 RW  0x1000
  DYNAMIC        0x3a1f48 0xf73a2f48 0xf73a2f48 0x000a0 0x000a0 RW  0x4
  NOTE           0x000114 0xf7000114 0xf7000114 0x00024 0x00024 R   0x4
  GNU_EH_FRAME   0x35ec10 0xf735ec10 0xf735ec10 0x06df4 0x06df4 R   0x4
  GNU_STACK      0x000000 0x00000000 0x00000000 0x00000 0x00000 RW  0x10
  GNU_RELRO      0x3869a0 0xf73879a0 0xf73879a0 0x1b660 0x1b660 R   0x1
```
Using gdb to track libdynamorio.so, it crashed at beginning.
```
$ gdb ./lib32/debug/libdynamorio.so
GNU gdb (Ubuntu 7.7.1-0ubuntu5~14.04.2) 7.7.1
...
Reading symbols from ./lib32/debug/libdynamorio.so...Reading symbols from /home/dynamorio/Workspace/DynamoRIO/builds/build_x86_dbg.git/lib32/debug/libdynamorio.so.6.0.debug...done.
done.
(gdb) b *0xf72794dc
Breakpoint 1 at 0xf72794dc: file /home/dynamorio/Workspace/DynamoRIO/dynamorio.git/core/arch/x86/x86.asm, line 1161.
(gdb) r
Starting program: /home/dynamorio/Workspace/DynamoRIO/builds/build_x86_dbg.git/lib32/debug/libdynamorio.so 
During startup program terminated with signal SIGSEGV, Segmentation fault.
```
Is it because libdynamorio.so does not have interp field? But /lib/ld-linux.so.2 does not have that field either.

**Comment by zhaoqin** [comment]
It looks like the preferred base of dynamorio is too high. If I set it down to 0x71000000, the segfault is gone.
