### ISSUE TITLE
Android linker blindly assumes a 0 preferred base

### ISSUE THREAD

**Issue by derekbruening** [DynamoRIO/dynamorio#1863]
While the passed-in envp is bogus, the actual crash in i#1862 is on the
assert (though it would crash soon after on envp), on trying to load
dynamo_options.checklevel:

```
   0x7120eef0 <our_getenv+8>:   ldr     r4, [pc, #204]  ; (0x7120efc0 <our_getenv+216>)
   0x7120eef2 <our_getenv+10>:  add     r4, pc
   ...
   0x7120ef1c <our_getenv+52>:  ldr     r3, [pc, #168]  ; (0x7120efc8 <our_getenv+224>)
   0x7120ef1e <our_getenv+54>:  ldr     r3, [r4, r3]
=> 0x7120ef20 <our_getenv+56>:  ldr.w   r3, [r3, #292]  ; 0x124
   0x7120ef24 <our_getenv+60>:  cmp     r3, #0
   0x7120ef26 <our_getenv+62>:  beq.n   0x7120ef46 <our_getenv+94>
   0x7120ef28 <our_getenv+64>:  ldr     r3, [pc, #160]  ; (0x7120efcc <our_getenv+228>)
   0x7120ef2a <our_getenv+66>:  add     r3, pc       <----- our_environ
   0x7120ef2c <our_getenv+68>:  ldr     r3, [r3, #0]
   0x7120ef2e <our_getenv+70>:  cmp     r3, #0
   0x7120ef30 <our_getenv+72>:  bne.n   0x7120ef46 <our_getenv+94>

(gdb) p our_environ
$1 = (char **) 0xbeea9a5c
(gdb) x/40wx 0xbeea9a54-4
0xbeea9a50:     0x00000001      0xbeea9b60      0x00000000      0xbeea9b75
0xbeea9a60:     0xbeea9b91      0xbeea9bc0      0xbeea9bd3      0xbeea9bde
0xbeea9a70:     0xbeea9bf9      0xbeea9c04      0xbeea9c1b      0xbeea9c34
0xbeea9a80:     0xbeea9c48      0xbeea9c61      0xbeea9ce0      0xbeea9cfa
0xbeea9a90:     0xbeea9eb6      0xbeea9ecb      0xbeea9ede      0xbeea9f0a
0xbeea9aa0:     0xbeea9f34      0xbeea9f41      0xbeea9f4c      0xbeea9f89
0xbeea9ab0:     0xbeea9fa8      0xbeea9fbd      0x00000000      0x00000010
0xbeea9ac0:     0x0001b0d7      0x00000006      0x00001000      0x00000011
0xbeea9ad0:     0x00000064      0x00000003      0xb6f16034      0x00000004
0xbeea9ae0:     0x00000020      0x00000005      0x00000008      0x00000007
(gdb) x/1s 0xbeea9b75
0xbeea9b75:     "_=/data/local/tmp/gdbserver"
(gdb) info reg
r0             0x0      0
r1             0x3d     61
r2             0x0      0
r3             0xe230f000       3794857984
r4             0x7130e000       1899028480
(gdb) p &dynamo_options.checklevel
$3 = (uint *) 0x7130f124 <dynamo_options+292>
(gdb) p &dynamo_options
$4 = (options_t *) 0x7130f000 <dynamo_options>
(gdb) x/30wx 0x7120efc0
0x7120efc0 <our_getenv+216>:    0x000ff10a      0x0014281a      0x0000027c      0x001427e6
0x7120efd0 <our_getenv+232>:    0x000ac6d8      0x000ac6aa      0x001427c8      0xb083b480
(gdb) p/x 0x7120eef2+4+0x000ff10a
$7 = 0x7130e000
((gdb) x/8wx 0x7130e000+0x27c
0x7130e27c:     0xe230f000      0xe22dc1f4      0xe2158ba1      0xe220e730
0x7130e28c:     0xe230923c      0xe23516a4      0xe2351724      0xe22dc4b4
(gdb) x/4wx 0x7120ef2e+0x001427e6
0x71351714 <our_environ>:       0xbeea9a5c      0x00000000      0x00000000      0x00000000
```

0x124 is the offs for .checklevel.  The code is off for unknown reasons --
lib not properly relocated??

The asm code is harder to read than x86: RISC forces all this embedded data
but it has no debug info??

Getting reloc info:

```
# LD_LIBRARY_PATH=/data/local/tmp/dr/lib32/debug LD_DEBUG=2 api/bin/tracedump
# adb logcat -d > /tmp/x
```

```
I/linker  (16050): RELO RELATIVE 0x712ff324 <- +0x71000000
I/linker  (16050): RELO RELATIVE 0x712ff344 <- +0x71000000
<...>
I/linker  (16050): RELO RELATIVE 0x71320c18 <- +0x71000000

71000000-712c7000 r-xp 00000000 b3:1e 244850     /data/local/tmp/dr/lib32/debug/libdynamorio.so
712c7000-712d0000 ---p 00000000 00:00 0 
712d0000-7130e000 r--p 002d0000 b3:1e 244850     /data/local/tmp/dr/lib32/debug/libdynamorio.so
7130e000-7132f000 rw-p 0030e000 b3:1e 244850     /data/local/tmp/dr/lib32/debug/libdynamorio.so
```

So there are no relocs in .text: it is supposed to be PIC.
But the +rw segment location does have a reloc:

```
> grep '16050.*REL' /tmp/x | grep 0x7130e27c
I/linker  (16050): RELO RELATIVE 0x7130e27c <- +0x71000000
```

```
(gdb) p/x 0x0030df68+0x27c
$1 = 0x30e1e4
# od -t x -A x lib32/debug/libdynamorio.so | grep '^30.*0f000$'
30e270 71351668 712151a1 712d9474 7130f000
(gdb) p/x 0x7130f000 + 0x71000000
$1 = 0xe230f000
```

So the file entry is the correct 0x7130f000, and the reloc should not have
been applied.  The Android linker assumes a 0 base or sthg?!?

base=0 => standalone works, but early crashes!
set(SET_PREFERRED_BASE OFF) => base is 0x00010000 and early works, but
  standalone crashes!

Yet tracedump's is 0.

The early crash: it looks like r1 is not 0 when our base is 0, and we rely on it being 0 to
relocate yet we don't clear it: we assume the kernel clears it, yet:

```
r0             0x0      0
r1             0xbea83b1c       3198696220
r2             0x0      0
r3             0x0      0
r4             0x0      0
r5             0x0      0
r6             0x0      0
r7             0x0      0
r8             0x0      0
r9             0x0      0
r10            0x0      0
r11            0x0      0
r12            0x0      0
sp             0xbea83a00       0xbea83a00
lr             0x0      0
pc             0xb6f014d8       0xb6f014d8 <_start>
```
