### ISSUE TITLE
CRASH tool.drcacheoff.burst_threads test

### ISSUE THREAD

**Issue by derekbruening** [DynamoRIO/dynamorio#2049]
CDash on Fedora:

http://dynamorio.org/CDash/testDetails.php?test=139040&build=13522

```
  /work/dr/nightly/run/build_release-external-64/clients/bin64/tool.drcacheoff.burst_threads
  failed (255): pre-DR init

  pre-DR start
  <Application
  /work/dr/nightly/run/build_release-external-64/clients/bin64/tool.drcacheoff.burst_threads
  (11074).  DynamoRIO Cache Simulator Tracer internal crash at PC
  0x00000000004db56b.  Please report this at http://dynamorio.org/issues.
  Program aborted.
  Received SIGSEGV at client library pc 0x00000000004db56b in thread 11081
  Base: 0x0000000000400000
  Registers:eax=0x0000000000000000 ebx=0x0000000048569cf8
  ecx=0xfffffffffff8e29f edx=0x0000000000000200
  	esi=0x00000000004db56b edi=0x000000004813ab30 esp=0x000000004813ab20
  ebp=0x000000004813ab30
  	r8 =0x0000000000000001 r9 =0x000000000000006a r10=0x0000000000000000
  r11=0x0000000000000006
  	r12=0x0000000000000000 r13=0x0000000000000000 r14=0x0000000000000038
  r15=0x00000000005b0398
  	eflags=0x0000000000010213
  version 6.2.17097, custom build
  -client_lib ';;-offline -max_trace_size 256K' -stack_size 56K
  -max_elide_jmp 0 -max_elide_call 0 -no_inline_ignored_syscalls
  -native_exec_default_list '' -no_native_exec_managed_code
  -no_indcall2direct
  0x000000004813ab30 0x000000080500006a>
```

Travis:

https://api.travis-ci.org/jobs/172035645/log.txt?deansi=true

```
216: Test command: /usr/bin/cmake "-D" "precmd=/usr/bin/cmake@-E@remove_directory@drmemtrace.tool.drcacheoff.burst_threads.*.dir" "-D" "cmd=/home/travis/build/DynamoRIO/dynamorio/build_debug-internal-64/clients/bin64/tool.drcacheoff.burst_threads" "-D" "postcmd=/home/travis/build/DynamoRIO/dynamorio/build_debug-internal-64/clients/bin64/drcachesim@-indir@drmemtrace.tool.drcacheoff.burst_threads.*.dir" "-D" "cmp=/home/travis/build/DynamoRIO/dynamorio/build_debug-internal-64/suite/tests/offline-burst_threads.expect" "-P" "/home/travis/build/DynamoRIO/dynamorio/suite/tests/runmulti.cmake"
216: Test timeout computed to be: 600
216: CMake Error at /home/travis/build/DynamoRIO/dynamorio/suite/tests/runmulti.cmake:86 (message):
216:   ***
216:   /home/travis/build/DynamoRIO/dynamorio/build_debug-internal-64/clients/bin64/tool.drcacheoff.burst_threads
216:   failed (Segmentation fault): pre-DR init
216: 
216:   pre-DR start
216: 
216:   ***
216: 
216: 
216: 
215/247 Test #216: code_api|tool.drcacheoff.burst_threads ...........................***Failed    1.00 sec
```

**Comment by derekbruening** [comment]
In burst_threads DR ops: -stderr_mask 0xf -msgbox_mask 0xc -pause_via_loop

```
> for ((i=0; i<1000; i++)); do echo $i; rm -rf drmemtrace.tool.drcacheoff.burst_threads.1*; clients/bin64/tool.drcacheoff.burst_threads; done 2>&1 | tee OUT

23
pre-DR init
<Starting application /work/dr/git/build_x64_rel_tests/clients/bin64/tool.drcacheoff.burst_threads (23633)>
pre-DR start
<Application /work/dr/git/build_x64_rel_tests/clients/bin64/tool.drcacheoff.burst_threads (23633).  DynamoRIO Cache Simulator Tracer internal crash at PC 0x00000000004db64b.  Please report this at http://dynamorio.org/issues.  Program aborted.
Received SIGSEGV at client library pc 0x00000000004db64b in thread 23634
Base: 0x0000000000400000
Registers:eax=0x0000000000000000 ebx=0x000000004e4f7b78 ecx=0xfffffffffff8e0bf edx=0x0000000000000200
        esi=0x00000000004db64b edi=0x000000004e362b30 esp=0x000000004e362b20 ebp=0x000000004e362b30
        r8 =0x0000000000000001 r9 =0x000000000000006a r10=0x0000000000000000 r11=0x0000000000000006
        r12=0x0000000000000000 r13=0x0000000000000000 r14=0x0000000000000038 r15=0x00000000005b0398
        eflags=0x0000000000010217
version 6.2.17102, custom build
-client_lib ';;-offline -max_trace_size 256K' -msgbox_mask 12 -pause_via_loop -stderr_mask 15 -stack_size 56K -max_elide_jmp 0 -max_elide_call 0 -no_inline_ignored_syscalls -native_exec_default_list '' -no_native_exec_managed_code -no_indcall2direct 
0x000000004e362b30 0x000000080500006a>
pre-DR detach
<Detaching from application /work/dr/git/build_x64_rel_tests/clients/bin64/tool.drcacheoff.burst_threads (23633)>

(gdb) x/8i 0x00000000004db64b
   0x4db64b <instr_encode_arch+1083>:   movb   $0x65,(%rax)
   0x4db64e <instr_encode_arch+1086>:   xchg   %ax,%ax
   0x4db650 <instr_encode_arch+1088>:   add    $0x1,%rax

Thread 9 (Thread 0x7fab7db2f700 (LWP 23634)):

(gdb) dps 0x4e362b20 0x4e362f20
0x000000004e362b20  0x0000000000000000  No symbol matches (void *)$retaddr.
0x000000004e362b28  0x0000000000000001  No symbol matches (void *)$retaddr.
0x000000004e362b30  0x0000000000000038  No symbol matches (void *)$retaddr.
0x000000004e362b38  0x000000000500006a  No symbol matches (void *)$retaddr.
0x000000004e362b40  0x0000000000000000  No symbol matches (void *)$retaddr.
0x000000004e362b48  0x0000000000008c92  No symbol matches (void *)$retaddr.
0x000000004e362b50  0x0000000000000000  No symbol matches (void *)$retaddr.
0x000000004e362b58  0x0000000000000000  No symbol matches (void *)$retaddr.
0x000000004e362b60  0x0000000000000000  No symbol matches (void *)$retaddr.
0x000000004e362b68  0x0000000000000000  No symbol matches (void *)$retaddr.
0x000000004e362b70  0x0000000000000000  No symbol matches (void *)$retaddr.
0x000000004e362b78  0x0000000000000000  No symbol matches (void *)$retaddr.
0x000000004e362b80  0x0000000000000000  No symbol matches (void *)$retaddr.
0x000000004e362b88  0x0000000000000000  No symbol matches (void *)$retaddr.
0x000000004e362b90  0x000000000f000000  No symbol matches (void *)$retaddr.
0x000000004e362b98  0x000000000000016b  No symbol matches (void *)$retaddr.
0x000000004e362ba0  0x0000000000000000  No symbol matches (void *)$retaddr.
0x000000004e362ba8  0x00000000004ce27c  instr_length_arch + 12 in section .text of /work/dr/git/build_x64_rel_tests/clients/bin64/tool.drcacheoff.burst_threads
0x000000004e362bb0  0x000000004e36a5e0  No symbol matches (void *)$retaddr.
0x000000004e362bb8  0x000000004e4f7b78  No symbol matches (void *)$retaddr.
0x000000004e362bc0  0x000000004e36edd0  No symbol matches (void *)$retaddr.
0x000000004e362bc8  0x0000000000000000  No symbol matches (void *)$retaddr.
0x000000004e362bd0  0x0000000000000000  No symbol matches (void *)$retaddr.
0x000000004e362bd8  0x000000004e300500  No symbol matches (void *)$retaddr.
0x000000004e362be0  0x000000004e36ed88  No symbol matches (void *)$retaddr.  <=== $r15 for set_linkstub_fields
0x000000004e362be8  0x000000000045ef55  set_linkstub_fields + 373 in section .text of /work/dr/git/build_x64_rel_tests/clients/bin64/tool.drcacheoff.burst_threads
0x000000004e362bf0  0x000000004e5dd008  No symbol matches (void *)$retaddr.
0x000000004e362bf8  0x000000004e5dd32f  No symbol matches (void *)$retaddr.
0x000000004e362c00  0x000000000101df48  No symbol matches (void *)$retaddr.
0x000000004e362c08  0x0000000000000002  No symbol matches (void *)$retaddr.
0x000000004e362c10  0x00000000005846a0  dynamo_options in section .data of /work/dr/git/build_x64_rel_tests/clients/bin64/tool.drcacheoff.burst_threads
0x000000004e362c18  0x0000000000000000  No symbol matches (void *)$retaddr.
0x000000004e362c20  0x00000000005846a0  dynamo_options in section .data of /work/dr/git/build_x64_rel_tests/clients/bin64/tool.drcacheoff.burst_threads
0x000000004e362c28  0x000000004e36ed88  No symbol matches (void *)$retaddr.
0x000000004e362c30  0x000000007e1507c4  __dubsin + 724 in section .text of /lib64/libm.so.6
0x000000004e362c38  0x0000000000000000  No symbol matches (void *)$retaddr.
0x000000004e362c40  0x000000004e300500  No symbol matches (void *)$retaddr.
0x000000004e362c48  0x000000000045f3f7  emit_fragment_common + 775 in section .text of /work/dr/git/build_x64_rel_tests/clients/bin64/tool.drcacheoff.burst_threads
```

Looks like the fragment_t* is in r15 in set_linkstub_fields.
It's pushed first thing in instr_encode_arch:

```
Dump of assembler code for function set_linkstub_fields:
   0x000000000045ede0 <+0>:     push   %r15
   0x000000000045ede2 <+2>:     push   %r14
   0x000000000045ede4 <+4>:     mov    %rdi,%r14
   0x000000000045ede7 <+7>:     push   %r13
   0x000000000045ede9 <+9>:     push   %r12
   0x000000000045edeb <+11>:    mov    %rsi,%r15

Dump of assembler code for function instr_encode_arch:
   0x00000000004db210 <+0>:     push   %r15
   0x00000000004db212 <+2>:     push   %r14
   0x00000000004db214 <+4>:     push   %r13
   0x00000000004db216 <+6>:     push   %r12
   0x00000000004db218 <+8>:     mov    %rdx,%r13
   0x00000000004db21b <+11>:    push   %rbp
   0x00000000004db21c <+12>:    push   %rbx
   0x00000000004db21d <+13>:    mov    %r9,%r12
   0x00000000004db220 <+16>:    mov    %rsi,%rbx
   0x00000000004db223 <+19>:    sub    $0x98,%rsp

(gdb) p /x 6*8+0x98 + 0x4e362b20 
$4 = 0x4e362be8
(gdb) p *(fragment_t*)0x000000004e36ed88
$5 = {
  tag = 0x7fab7e150707 <__dubsin+535> "f\017(\330fD\017(\354fD\017(\374\362A\017X\336fD\017(\313fD\017(\333\362D\017Y\312\362D\017\\\363\362E\017\\\331\362D\017X\360\362E\017X\313fD\017(\333\362\017Y\\$\330\362D\017Y\367\362E\017\\\331\362E\017Y\351\362D\017Y\316\362A\017X\336\362E\017Y\373\362D\017Y\336\362E\017X\317fE\017(\375\362E\017X\371\362E\017\\\357fA\017(\307\362E\017X\351\362D\017\020\r~u\004", 
  flags = 167773696, 
  size = 811, 
  prefix_size = 0 '\000', 
  fcache_extra = 9 '\t', 
  start_pc = 0x4e5dd008 "eH\211\f%\210", 
  in_xlate = {
    incoming_stubs = 0x0, 
    translation_info = 0x0
  }, 
  next_vmarea = 0x0, 
  prev_vmarea = 0x0, 
  also = {
    also_vmarea = 0x0, 
    flushtime = 0
  }
}

(gdb) x/40i 0x7fab7e150707 
   0x7fab7e150707 <__dubsin+535>:       movapd %xmm0,%xmm3
   0x7fab7e15070b <__dubsin+539>:       movapd %xmm4,%xmm13
   0x7fab7e150710 <__dubsin+544>:       movapd %xmm4,%xmm15
   0x7fab7e150715 <__dubsin+549>:       addsd  %xmm14,%xmm3
   0x7fab7e15071a <__dubsin+554>:       movapd %xmm3,%xmm9
   0x7fab7e15071f <__dubsin+559>:       movapd %xmm3,%xmm11
   0x7fab7e150724 <__dubsin+564>:       mulsd  %xmm2,%xmm9
   0x7fab7e150729 <__dubsin+569>:       subsd  %xmm3,%xmm14
   0x7fab7e15072e <__dubsin+574>:       subsd  %xmm9,%xmm11
   0x7fab7e150733 <__dubsin+579>:       addsd  %xmm0,%xmm14
   0x7fab7e150738 <__dubsin+584>:       addsd  %xmm11,%xmm9
   0x7fab7e15073d <__dubsin+589>:       movapd %xmm3,%xmm11
   0x7fab7e150742 <__dubsin+594>:       mulsd  -0x28(%rsp),%xmm3
   0x7fab7e150748 <__dubsin+600>:       mulsd  %xmm7,%xmm14
   0x7fab7e15074d <__dubsin+605>:       subsd  %xmm9,%xmm11
   0x7fab7e150752 <__dubsin+610>:       mulsd  %xmm9,%xmm13
   0x7fab7e150757 <__dubsin+615>:       mulsd  %xmm6,%xmm9
   0x7fab7e15075c <__dubsin+620>:       addsd  %xmm14,%xmm3
   0x7fab7e150761 <__dubsin+625>:       mulsd  %xmm11,%xmm15
   0x7fab7e150766 <__dubsin+630>:       mulsd  %xmm6,%xmm11
   0x7fab7e15076b <__dubsin+635>:       addsd  %xmm15,%xmm9
   0x7fab7e150770 <__dubsin+640>:       movapd %xmm13,%xmm15
   0x7fab7e150775 <__dubsin+645>:       addsd  %xmm9,%xmm15
   0x7fab7e15077a <__dubsin+650>:       subsd  %xmm15,%xmm13
   0x7fab7e15077f <__dubsin+655>:       movapd %xmm15,%xmm0
   0x7fab7e150784 <__dubsin+660>:       addsd  %xmm9,%xmm13
   0x7fab7e150789 <__dubsin+665>:       movsd  0x4757e(%rip),%xmm9        # 0x7fab7e197d10 <s3>
   0x7fab7e150792 <__dubsin+674>:       addsd  %xmm11,%xmm13
   0x7fab7e150797 <__dubsin+679>:       addsd  %xmm3,%xmm13
   0x7fab7e15079c <__dubsin+684>:       addsd  %xmm13,%xmm0
   0x7fab7e1507a1 <__dubsin+689>:       subsd  %xmm0,%xmm15
   0x7fab7e1507a6 <__dubsin+694>:       movapd %xmm0,%xmm14
   0x7fab7e1507ab <__dubsin+699>:       ucomisd %xmm5,%xmm0
   0x7fab7e1507af <__dubsin+703>:       addsd  %xmm9,%xmm14
   0x7fab7e1507b4 <__dubsin+708>:       movapd %xmm0,%xmm11
   0x7fab7e1507b9 <__dubsin+713>:       addsd  %xmm13,%xmm15
   0x7fab7e1507be <__dubsin+718>:       jbe    0x7fab7e151148 <__dubsin+3160>
```

The fragment looks normal through the clean call code which looks like
garbage after drcachesim's jrcxz:

```
   0x4e5dd152:  ucomisd %xmm5,%xmm0
   0x4e5dd156:  addsd  %xmm9,%xmm14
   0x4e5dd15b:  movapd %xmm0,%xmm11
   0x4e5dd160:  addsd  %xmm13,%xmm15

   0x4e5dd165:  mov    %gs:0x98,%rcx
   0x4e5dd16e:  mov    (%rcx),%rcx
   0x4e5dd171:  jrcxz  0x4e5dd1d8
   0x4e5dd173:  mov    %rcx,0x98
   0x4e5dd17b:  mov    %gs:0x88,%rcx
   0x4e5dd184:  movsd  (%rdx,%rcx,8),%xmm5
   0x4e5dd189:  lea    0x2(%rax),%ecx
   0x4e5dd18c:  add    $0x3,%eax
   0x4e5dd18f:  cltq   
   0x4e5dd191:  movapd %xmm0,%xmm8
   0x4e5dd196:  movslq %ecx,%rcx
   0x4e5dd199:  mov    %rcx,%gs:0x88
   0x4e5dd1a2:  mov    %gs:0x98,%rcx
   0x4e5dd1ab:  lea    -0x18(%rsp),%rbx
   0x4e5dd1b0:  mov    %gs:0x98,%rcx
   0x4e5dd1b9:  mov    %rbx,(%rcx)
   0x4e5dd1bc:  lea    0x8(%rcx),%rcx
   0x4e5dd1c0:  mov    %rcx,%gs:0x98
   0x4e5dd1c9:  movsd  %xmm5,-0x18(%rsp)
   0x4e5dd1cf:  mov    %gs:0x98,%rcx
=> jrcxz target:
   0x4e5dd1d8:  mov    %gs:0x88,%rcx

(gdb) p op_instr[((instr_t*)0x000000004e4f7b78)->opcode]->name
$11 = 0x540f9c "mov"
(gdb) p op_instr[((instr_t*)0x000000004e4f7b78)->prev->opcode]->name
$10 = 0x541da1 "jecxz"
```

So the jecxz was the prior instr to be encoded, and it must have failed and
returned 0.  Because it can't reach?  Why would such a failure be limited
to release build and be non-det?  Could the callee use fewer regs in debug
build or sthg, making the clean call code longer in release?

```
(gdb) p /x 0x4e5dd008+811
$6 = 0x4e5dd333
(gdb) p 0x4e5dd333 - 0x4e5dd173
$12 = 448
```

That is a lot to skip with a jrcxz.

Here is debug build:

```
 +93   m4 @0x0000000050649bf8  48 8b 09             mov    (%rcx)[8byte] -> %rcx
 +96   m4 @0x0000000050649da8  e3 fe                jrcxz  @0x000000005064a5d0[8byte] %rcx
 +98   m4 @0x000000005064a648  65 48 a3 00 00 00 00 mov    %rax -> %gs:0x00[8byte]
                               00 00 00 00
 +109  m4 @0x0000000050649e20  65 48 a1 20 00 00 00 mov    %gs:0x20[8byte] -> %rax
                               00 00 00 00
 +120  m4 @0x0000000050649f70  48 89 60 18          mov    %rsp -> 0x18(%rax)[8byte]
 +124  m4 @0x000000005064a0d8  48 8b a0 e8 02 00 00 mov    0x000002e8(%rax)[8byte] -> %rsp
 +131  m4 @0x000000005064a300  65 48 a1 00 00 00 00 mov    %gs:0x00[8byte] -> %rax
                               00 00 00 00
 +142  m4 @0x0000000050649ef8  48 8d a4 24 58 fd ff lea    0xfffffd58(%rsp) -> %rsp
                               ff
 +150  m4 @0x000000005064a7e0  e8 7b 54 fa ff       call   $0x00000000505ebd80 %rsp -> %rsp 0xfffffff8(%rsp)[8byte]
 +155  m4 @0x0000000050649fe8                       <label>
 +155  m4 @0x0000000050649ce8  e8 75 42 0b b0       call   $0x00000000006fab7a %rsp -> %rsp 0xfffffff8(%rsp)[8byte]
 +160  m4 @0x000000005064a150  e8 3b 55 fa ff       call   $0x00000000505ebe40 %rsp -> %rsp 0xfffffff8(%rsp)[8byte]
 +165  m4 @0x000000005064a9d8  65 48 a3 00 00 00 00 mov    %rax -> %gs:0x00[8byte]
                               00 00 00 00
 +176  m4 @0x000000005064a978  65 48 a1 20 00 00 00 mov    %gs:0x20[8byte] -> %rax
                               00 00 00 00
 +187  m4 @0x000000005064a570  48 8b 60 18          mov    0x18(%rax)[8byte] -> %rsp
 +191  m4 @0x000000005064a438  65 48 a1 00 00 00 00 mov    %gs:0x00[8byte] -> %rax
                               00 00 00 00
 +202  m4 @0x000000005064a5d0                       <label>
 +202  m4 @0x00000000506499a0  65 48 a1 98 00 00 00 mov    %gs:0x00000098[8byte] -> %rax
                               00 00 00 00
 +213  m4 @0x000000005064a708  65 48 8b 0c 25 90 00 mov    %gs:0x00000090[8byte] -> %rcx
                               00 00
 +222  L3                      75 e8                jnz    $0x00007f8844b9c590
END 0x00007f8844b9c59d
```

Release looks similar:

```
(gdb) x/10i f->tag
   0x7f9bb8d4859d <pthread_join+173>:   movslq 0x2d0(%rbx),%rdx
   0x7f9bb8d485a4 <pthread_join+180>:   test   %edx,%edx
   0x7f9bb8d485a6 <pthread_join+182>:   jne    0x7f9bb8d48590 <pthread_join+160>
(gdb) x/50i f->start_pc
   0x47855008:  mov    %rcx,%gs:0x88
   0x47855011:  mov    %gs:0x98,%rcx
   0x4785501a:  movabs $0x2000600e0000859d,%rdx
   0x47855024:  mov    %rdx,(%rcx)
   0x47855027:  lea    0x2d0(%rbx),%rdx
   0x4785502e:  mov    %gs:0x98,%rcx
   0x47855037:  mov    %rdx,0x8(%rcx)
   0x4785503b:  lea    0x10(%rcx),%rcx
   0x4785503f:  mov    %rcx,%gs:0x98
   0x47855048:  movslq 0x2d0(%rbx),%rdx
   0x4785504f:  test   %edx,%edx
   0x47855051:  movabs %rax,%gs:0x90
   0x4785505c:  mov    %gs:0x98,%rcx
   0x47855065:  mov    (%rcx),%rcx
   0x47855068:  jrcxz  0x478550d2
   0x4785506a:  movabs %rax,%gs:0x0
   0x47855075:  movabs %gs:0x20,%rax
   0x47855080:  mov    %rsp,0x18(%rax)
   0x47855084:  mov    0x2e8(%rax),%rsp
   0x4785508b:  movabs %gs:0x0,%rax
   0x47855096:  lea    -0x2a8(%rsp),%rsp
   0x4785509e:  callq  0x4784ecc0
   0x478550a3:  callq  0x51d9f0 <clean_call()>
   0x478550a8:  callq  0x4784ed80
   0x478550ad:  movabs %rax,%gs:0x0
   0x478550b8:  movabs %gs:0x20,%rax
   0x478550c3:  mov    0x18(%rax),%rsp
   0x478550c7:  movabs %gs:0x0,%rax
   0x478550d2:  movabs %gs:0x90,%rax
   0x478550dd:  mov    %gs:0x88,%rcx
   0x478550e6:  jne    0x47875030
   0x478550ec:  jmpq   0x47875030
```

So why is the crashing scenario using a different clean call sequence?

**Comment by derekbruening** [comment]
Another repro w/ some diagnostic printing:

```
<Starting application /work/dr/git/build_x64_rel_tests/clients/bin64/tool.drcacheoff.burst_threads (23127)>
pre-DR start
no out-of-line
<Application /work/dr/git/build_x64_rel_tests/clients/bin64/tool.drcacheoff.burst_threads (23127).  DynamoRIO Cache Simulator Tracer internal crash at PC 0x00000000004db65b.  Please report this at http://dynamorio.org/issues.  Program aborted.
Received SIGSEGV at client library pc 0x00000000004db65b in thread 23132
Base: 0x0000000000400000
Registers:eax=0x0000000000000000 ebx=0x000000004ff53fe0 ecx=0xfffffffffff8e04f edx=0x0000000000000200
        esi=0x00000000004db65b edi=0x000000004fb4eb30 esp=0x000000004fb4eb20 ebp=0x000000004fb4eb30
        r8 =0x0000000000000001 r9 =0x000000000000006a r10=0x0000000000000000 r11=0x0000000000000006
        r12=0x0000000000000000 r13=0x0000000000000000 r14=0x0000000000000038 r15=0x00000000005b0398
        eflags=0x0000000000010213

(gdb) x/20i 0x7f6203bd8e38
   0x7f6203bd8e38 <__sin_avx+1208>:     cmp    $0x419921fa,%eax
   0x7f6203bd8e3d <__sin_avx+1213>:     jg     0x7f6203bd8fc8 <__sin_avx+1608>
```

Looking for the ilist:

```
   0x000000000045f3e1 <+753>:   mov    $0x1,%r9d
   0x000000000045f3e7 <+759>:   mov    0x18(%rsp),%rdx
   0x000000000045f3ec <+764>:   mov    %r12,%rsi
   0x000000000045f3ef <+767>:   mov    %r15,%rdi
   0x000000000045f3f2 <+770>:   callq  0x45ede0 <set_linkstub_fields>

0x000000004fb4ec40  0x000000004fa7e940  No symbol matches (void *)$retaddr.
0x000000004fb4ec48  0x000000000045f3f7  emit_fragment_common + 775 in section .text of /work/dr/git/build_x64_rel_tests/clients/bin64/tool.drcacheoff.burst_threads
0x000000004fb4ec50  0x0000000000000000  No symbol matches (void *)$retaddr.
0x000000004fb4ec58  0x000000000a000600  No symbol matches (void *)$retaddr.
0x000000004fb4ec60  0x0000000000000017  No symbol matches (void *)$retaddr.
0x000000004fb4ec68  0x000000004ff52d00  No symbol matches (void *)$retaddr.

(gdb) p *(instrlist_t*)0x000000004ff52d00
$5 = {
  first = 0x4ff4d528, 
  last = 0x4ff5b2c8, 
  flags = 0, 
  translation_target = 0x0, 
  fall_through_bb = 0x0

(gdb) call instrlist_disassemble((dcontext_t*)0x000000004fa7e940,(app_pc)0x7f6203bd8e38,(instrlist_t*)0x000000004ff52d00, STDERR)

TAG  0x00007f6203bd8e38
 +0    m4 @0x000000004ff4d528  65 48 89 0c 25 88 00 mov    %rcx -> %gs:0x00000088[8byte]
                               00 00
 +9    m4 @0x000000004ff4d588  65 48 89 14 25 90 00 mov    %rdx -> %gs:0x00000090[8byte]
                               00 00
 +18   m4 @0x000000004ff53c20  65 48 8b 0c 25 98 00 mov    %gs:0x00000098[8byte] -> %rcx
                               00 00
 +27   m4 @0x000000004ff53c80  48 ba 38 ce 06 00 08 mov    $0x200040080006ce38 -> %rdx
                               40 00 20
 +37   m4 @0x000000004ff53ce0  48 89 11             mov    %rdx -> (%rcx)[8byte]
 +40   m4 @0x000000004ff53d40                       <label>
 +40   m4 @0x000000004ff53da0  48 8d 49 08          lea    0x08(%rcx) -> %rcx
 +44   m4 @0x000000004ff53e00  65 48 89 0c 25 98 00 mov    %rcx -> %gs:0x00000098[8byte]
                               00 00
 +53   L3                      3d fa 21 99 41       cmp    %eax $0x419921fa
 +58   m4 @0x000000004ff53e60  65 48 8b 0c 25 98 00 mov    %gs:0x00000098[8byte] -> %rcx
                               00 00
 +67   m4 @0x000000004ff53f20  48 8b 09             mov    (%rcx)[8byte] -> %rcx
 +70   m4 @0x000000004ff53f80  e3 9e                jrcxz  @0x000000004ff53ec0[8byte] %rcx
 +72   m4 @0x000000004ff53fe0  65 48 a3 00 00 00 00 mov    %rax -> %gs:0x00[8byte]
                               00 00 00 00
 +83   m4 @0x000000004ff54040  65 48 a1 20 00 00 00 mov    %gs:0x20[8byte] -> %rax
                               00 00 00 00
 +94   m4 @0x000000004ff540a0  48 89 60 18          mov    %rsp -> 0x18(%rax)[8byte]
 +98   m4 @0x000000004ff54100  48 8b a0 e8 02 00 00 mov    0x000002e8(%rax)[8byte] -> %rsp
 +105  m4 @0x000000004ff54160  65 48 a1 00 00 00 00 mov    %gs:0x00[8byte] -> %rax
                               00 00 00 00
 +116  m4 @0x000000004ff541c0  48 8d a4 24 f0 fd ff lea    0xfffffdf0(%rsp) -> %rsp
                               ff
 +124  m4 @0x000000004ff54220  c5 fd 7f 44 24 10    vmovdqa %ymm0 -> 0x10(%rsp)[32byte]
 +130  m4 @0x000000004ff54280  c5 fd 7f 4c 24 30    vmovdqa %ymm1 -> 0x30(%rsp)[32byte]
 +136  m4 @0x000000004ff542e0  c5 fd 7f 54 24 50    vmovdqa %ymm2 -> 0x50(%rsp)[32byte]
 +142  m4 @0x000000004ff54340  c5 fd 7f 5c 24 70    vmovdqa %ymm3 -> 0x70(%rsp)[32byte]
 +148  m4 @0x000000004ff543b8  c5 fd 7f a4 24 90 00 vmovdqa %ymm4 -> 0x90(%rsp)[32byte]
                               00 00
 +157  m4 @0x000000004ff54430  c5 fd 7f ac 24 b0 00 vmovdqa %ymm5 -> 0xb0(%rsp)[32byte]
                               00 00
 +166  m4 @0x000000004ff544a8  c5 fd 7f b4 24 d0 00 vmovdqa %ymm6 -> 0xd0(%rsp)[32byte]
                               00 00
 +175  m4 @0x000000004ff54520  c5 fd 7f bc 24 f0 00 vmovdqa %ymm7 -> 0xf0(%rsp)[32byte]
                               00 00
 +184  m4 @0x000000004ff54598  c5 7d 7f 84 24 10 01 vmovdqa %ymm8 -> 0x00000110(%rsp)[32byte]
                               00 00
 +193  m4 @0x000000004ff54610  c5 7d 7f 8c 24 30 01 vmovdqa %ymm9 -> 0x00000130(%rsp)[32byte]
                               00 00
 +202  m4 @0x000000004ff54688  c5 7d 7f 94 24 50 01 vmovdqa %ymm10 -> 0x00000150(%rsp)[32byte]
                               00 00
 +211  m4 @0x000000004ff54700  c5 7d 7f 9c 24 70 01 vmovdqa %ymm11 -> 0x00000170(%rsp)[32byte]
                               00 00
 +220  m4 @0x000000004ff54778  c5 7d 7f a4 24 90 01 vmovdqa %ymm12 -> 0x00000190(%rsp)[32byte]
                               00 00
 +229  m4 @0x000000004ff547f0  c5 7d 7f ac 24 b0 01 vmovdqa %ymm13 -> 0x000001b0(%rsp)[32byte]
                               00 00
 +238  m4 @0x000000004ff54868  c5 7d 7f b4 24 d0 01 vmovdqa %ymm14 -> 0x000001d0(%rsp)[32byte]
                               00 00
 +247  m4 @0x000000004ff548e0  c5 7d 7f bc 24 f0 01 vmovdqa %ymm15 -> 0x000001f0(%rsp)[32byte]
                               00 00
 +256  m4 @0x000000004ff54958  41 57                push   %r15 %rsp -> %rsp 0xfffffff8(%rsp)[8byte]
 +258  m4 @0x000000004ff549d0  41 56                push   %r14 %rsp -> %rsp 0xfffffff8(%rsp)[8byte]
 +260  m4 @0x000000004ff54a48  41 55                push   %r13 %rsp -> %rsp 0xfffffff8(%rsp)[8byte]
 +262  m4 @0x000000004ff54b00  41 54                push   %r12 %rsp -> %rsp 0xfffffff8(%rsp)[8byte]
 +264  m4 @0x000000004ff54bb8  41 53                push   %r11 %rsp -> %rsp 0xfffffff8(%rsp)[8byte]
 +266  m4 @0x000000004ff54c70  41 52                push   %r10 %rsp -> %rsp 0xfffffff8(%rsp)[8byte]
 +268  m4 @0x000000004ff54d28  41 51                push   %r9 %rsp -> %rsp 0xfffffff8(%rsp)[8byte]
 +270  m4 @0x000000004ff54de0  41 50                push   %r8 %rsp -> %rsp 0xfffffff8(%rsp)[8byte]
 +272  m4 @0x000000004ff54e98  50                   push   %rax %rsp -> %rsp 0xfffffff8(%rsp)[8byte]
 +273  m4 @0x000000004ff54f50  51                   push   %rcx %rsp -> %rsp 0xfffffff8(%rsp)[8byte]
 +274  m4 @0x000000004ff55008  52                   push   %rdx %rsp -> %rsp 0xfffffff8(%rsp)[8byte]
 +275  m4 @0x000000004ff550c0  53                   push   %rbx %rsp -> %rsp 0xfffffff8(%rsp)[8byte]
 +276  m4 @0x000000004ff55178  54                   push   %rsp %rsp -> %rsp 0xfffffff8(%rsp)[8byte]
 +277  m4 @0x000000004ff55230  55                   push   %rbp %rsp -> %rsp 0xfffffff8(%rsp)[8byte]
 +278  m4 @0x000000004ff552e8  56                   push   %rsi %rsp -> %rsp 0xfffffff8(%rsp)[8byte]
 +279  m4 @0x000000004ff553a0  57                   push   %rdi %rsp -> %rsp 0xfffffff8(%rsp)[8byte]
 +280  m4 @0x000000004ff55458                       <label>
 +280  m4 @0x000000004ff554b8  e8 7b 7e 9a b0       call   $0x000000000051da00 %rsp -> %rsp 0xfffffff8(%rsp)[8byte]
 +285  m4 @0x000000004ff55570  5f                   pop    %rsp (%rsp)[8byte] -> %rdi %rsp
 +286  m4 @0x000000004ff55628  5e                   pop    %rsp (%rsp)[8byte] -> %rsi %rsp
 +287  m4 @0x000000004ff556e0  5d                   pop    %rsp (%rsp)[8byte] -> %rbp %rsp
 +288  m4 @0x000000004ff55798  5b                   pop    %rsp (%rsp)[8byte] -> %rbx %rsp
 +289  m4 @0x000000004ff55850  5b                   pop    %rsp (%rsp)[8byte] -> %rbx %rsp
 +290  m4 @0x000000004ff55908  5a                   pop    %rsp (%rsp)[8byte] -> %rdx %rsp
 +291  m4 @0x000000004ff559c0  59                   pop    %rsp (%rsp)[8byte] -> %rcx %rsp
 +292  m4 @0x000000004ff55a78  58                   pop    %rsp (%rsp)[8byte] -> %rax %rsp
 +293  m4 @0x000000004ff55b30  41 58                pop    %rsp (%rsp)[8byte] -> %r8 %rsp
 +295  m4 @0x000000004ff55be8  41 59                pop    %rsp (%rsp)[8byte] -> %r9 %rsp
 +297  m4 @0x000000004ff55ca0  41 5a                pop    %rsp (%rsp)[8byte] -> %r10 %rsp
 +299  m4 @0x000000004ff55d58  41 5b                pop    %rsp (%rsp)[8byte] -> %r11 %rsp
 +301  m4 @0x000000004ff55e10  41 5c                pop    %rsp (%rsp)[8byte] -> %r12 %rsp
 +303  m4 @0x000000004ff55ec8  41 5d                pop    %rsp (%rsp)[8byte] -> %r13 %rsp
 +305  m4 @0x000000004ff55f80  41 5e                pop    %rsp (%rsp)[8byte] -> %r14 %rsp
 +307  m4 @0x000000004ff56038  41 5f                pop    %rsp (%rsp)[8byte] -> %r15 %rsp
 +309  m4 @0x000000004ff560f0  c5 fd 6f 44 24 10    vmovdqa 0x10(%rsp)[32byte] -> %ymm0
 +315  m4 @0x000000004ff56168  c5 fd 6f 4c 24 30    vmovdqa 0x30(%rsp)[32byte] -> %ymm1
 +321  m4 @0x000000004ff561e0  c5 fd 6f 54 24 50    vmovdqa 0x50(%rsp)[32byte] -> %ymm2
 +327  m4 @0x000000004ff56258  c5 fd 6f 5c 24 70    vmovdqa 0x70(%rsp)[32byte] -> %ymm3
 +333  m4 @0x000000004ff562d0  c5 fd 6f a4 24 90 00 vmovdqa 0x90(%rsp)[32byte] -> %ymm4
                               00 00
 +342  m4 @0x000000004ff56348  c5 fd 6f ac 24 b0 00 vmovdqa 0xb0(%rsp)[32byte] -> %ymm5
                               00 00
 +351  m4 @0x000000004ff563c0  c5 fd 6f b4 24 d0 00 vmovdqa 0xd0(%rsp)[32byte] -> %ymm6
                               00 00
 +360  m4 @0x000000004ff56438  c5 fd 6f bc 24 f0 00 vmovdqa 0xf0(%rsp)[32byte] -> %ymm7
                               00 00
 +369  m4 @0x000000004ff564b0  c5 7d 6f 84 24 10 01 vmovdqa 0x00000110(%rsp)[32byte] -> %ymm8
                               00 00
 +378  m4 @0x000000004ff56528  c5 7d 6f 8c 24 30 01 vmovdqa 0x00000130(%rsp)[32byte] -> %ymm9
                               00 00
 +387  m4 @0x000000004ff565a0  c5 7d 6f 94 24 50 01 vmovdqa 0x00000150(%rsp)[32byte] -> %ymm10
                               00 00
 +396  m4 @0x000000004ff56618  c5 7d 6f 9c 24 70 01 vmovdqa 0x00000170(%rsp)[32byte] -> %ymm11
                               00 00
 +405  m4 @0x000000004ff56690  c5 7d 6f a4 24 90 01 vmovdqa 0x00000190(%rsp)[32byte] -> %ymm12
                               00 00
 +414  m4 @0x000000004ff56708  c5 7d 6f ac 24 b0 01 vmovdqa 0x000001b0(%rsp)[32byte] -> %ymm13
                               00 00
 +423  m4 @0x000000004ff56780  c5 7d 6f b4 24 d0 01 vmovdqa 0x000001d0(%rsp)[32byte] -> %ymm14
                               00 00
 +432  m4 @0x000000004ff567f8  c5 7d 6f bc 24 f0 01 vmovdqa 0x000001f0(%rsp)[32byte] -> %ymm15
                               00 00
 +441  m4 @0x000000004ff56870  48 8d a4 24 10 02 00 lea    0x00000210(%rsp) -> %rsp
                               00
 +449  m4 @0x000000004ff568e8  65 48 a3 00 00 00 00 mov    %rax -> %gs:0x00[8byte]
                               00 00 00 00
 +460  m4 @0x000000004ff56960  65 48 a1 20 00 00 00 mov    %gs:0x20[8byte] -> %rax
                               00 00 00 00
 +471  m4 @0x000000004ff569d8  48 8b 60 18          mov    0x18(%rax)[8byte] -> %rsp
 +475  m4 @0x000000004ff56a50  65 48 a1 00 00 00 00 mov    %gs:0x00[8byte] -> %rax
                               00 00 00 00
 +486  m4 @0x000000004ff53ec0                       <label>
 +486  m4 @0x000000004ff56ac8  65 48 8b 0c 25 88 00 mov    %gs:0x00000088[8byte] -> %rcx
                               00 00
 +495  m4 @0x000000004ff56b40  65 48 8b 14 25 90 00 mov    %gs:0x00000090[8byte] -> %rdx
                               00 00
 +504  L3                      0f 8f 85 01 00 00    jnle   $0x00007f6203bd8fc8
 +510  L4 @0x000000004ff5b2c8  e9 be 32 06 b4       jmp    $0x00007f6203bd8e43
END 0x00007f6203bd8e38
```

**Comment by derekbruening** [comment]
Re-running and stopping at the point where it turns off out_of_line_swap:

(gdb) p /x *(callee_info_t*)$r15
$1 = {
  bailout = 0x1, 
  num_args = 0x0, 
  num_instrs = 0x0, 
  start = 0x51d850, 
  <...>
(gdb) p /x $r15
$4 = 0x5372adc0
(gdb) p /x *(clean_call_info_t*)$rbx
$3 = {
  callee = 0x51d850, 
  num_args = 0x0, 
  save_fpstate = 0x0, 
  opt_inline = 0x0, 
  should_align = 0x1, 
  save_all_regs = 0x0,      <== should be 1
  skip_save_aflags = 0x1,   <== should be 0
  skip_clear_eflags = 0x1,  <== should be 0
  num_xmms_skip = 0x3,      <== should be 0
  xmm_skip = {0x1, 0x1, 0x1, 0x0 <repeats 13 times>},  <== should be all 0's
  num_regs_skip = 0x0, 
  reg_skip = {0x0 <repeats 16 times>}, 
  preserve_mcontext = 0x0, 
  out_of_line_swap = 0x0, 
  callee_info = 0x5372adc0, 
  ilist = 0x0
}
(gdb) p /x $rbx
$7 = 0x538fe140
(gdb) x/4i 0x51d850
   0x51d850 <clean_call()>:     sub    $0x8,%rsp
   0x51d854 <clean_call()+4>:   callq  0x4a8710 <dr_get_current_drcontext>

(gdb) x/20wx $rbx
0x538fe140:     0x0051d850      0x00000000      0x00000000      0x00010000
0x538fe150:     0x00000101      0x00000003      0x00010101      0x00000000
0x538fe160:     0x00000000      0x00000000      0x00000000      0x00000000
0x538fe170:     0x00000000      0x00000000      0x00000000      0x00000000
0x538fe180:     0x5372adc0      0x00000000      0x00000000      0x00000000

(gdb) p &((clean_call_info_t*)0)->should_align
$21 = (bool *) 0xe
(gdb) p &((clean_call_info_t*)0)->save_all_regs
$17 = (bool *) 0xf
(gdb) p &((clean_call_info_t*)0)->skip_save_aflags
$19 = (bool *) 0x10
(gdb) p &((clean_call_info_t*)0)->skip_clear_eflags
$20 = (bool *) 0x11
(gdb) p &((clean_call_info_t*)0)->num_xmms_skip
$18 = (uint *) 0x14
(gdb) p &((clean_call_info_t*)0)->xmm_skip[2]
$23 = (bool *) 0x1a

Someone wrote to 12 bytes [0x0f,0x1b).  I guess could have written more and
happened to match orig.  This is a local var on dstack though so hard to
imagine another thread clobbering yet never triggering any other kind of
crash.

Does not look like opnd_t:
(gdb) x/3wx $rbx+0xf 
0x538fe14f:     0x00010100      0x00000300      0x01010100

Is it just coincidence that num_xmms_skip matches the number of xmm_skip
set to 1?  It doesn't look so much like corruption.

It's related to temp private fragments for traces: thread-private, and thus the possibility for races.
I can't repro with -disable_traces.

Finally found it: It's a race for the ci->bailout condition:
After the hashtable lookup, the callee_info_t is written to for the bailout
condition, which is racy: it needs to be written locally before adding to
the table where it is thread-shared.

**Comment by derekbruening** [comment]
*** TODO add flag requesting always out-of-line, to keep jecxz?
*** TODO change out-of-line calculation?

Out-of-line calculation for x64 should probably keep it out of line even if
a few regs can be skipped?
Only do non-out-of-line if *multiple* things can be skipped?
If we add the always-out-of-line flag that may be enough.

*** TODO fix all the other samples trying to jecxz over clean call

Fundamentally a jecxz cannot be used, unless we can make DR's clean call
deterministic/reliably small.

Looks like the _simple samples blindly clean call every time.
The optimized _x86 ones use a lean call out to gencode.
They only use jecxz in a different way: inverted, so a jmp skips the clean call.

It seems that only tracer.cpp uses jecxz like this.
Long-term I want to use a lean call to gencode, or a fault, or sthg: don't
like clean call in every bb.
But for quick fix now: should I just leave jecxz w/ comment on it being
fragile and we assume bailout?
I have to insert 2 jmps to make it reach:
jecxz is_zero; jmp not_zero; is_zero: jmp skip_call; not_zero:
The flag may be enough for now.

**Comment by derekbruening** [comment]
Fixed by:

+ 4e9cc16 i#2049 burst_threads crash: fix race in clean call analysis
+ cac0695 i#2049 burst_threads crash: remove invalid assert
+ 2c6ae55 i#2049 burst_threads crash: add DR_CLEANCALL_ALWAYS_OUT_OF_LINE
