### ISSUE TITLE
fp div-by-zero and other exceptions

### ISSUE THREAD

**Issue by derekbruening** [DynamoRIO/dynamorio#386]
_From [bruen...@google.com](https://code.google.com/u/109494838902877177630/) on February 16, 2011 19:52:24_

I am now using Visual Studio to build and it may have affecting the
compiler flags enough to cause the following differences.
There are floating-point instrs in DR routines where we assume
there aren't any, and if there are pending FP hardware exceptions from app
code, the DR instrs raise faults.

&#37; /usr/bin/time ~/drmemory/git/build_drmemory/bin/drmemory.exe -batch -pause_at_assert -dr_ops "-msgbox_mask 12" -dr c:/src/dr/git/exports -- ./base_unittests.exe --gtest_filter="-FileVersion*:ProcessUtilTest.GetAppOutput:ReadOnlyFileUtilTest.ContentsEqual:ReadOnlyFileUtilTest.TextContentsEqual:DataPackTest.Load"
...
[ RUN      ] FileUtilTest.GetFileExtensionFromPath

---------------------------
DynamoRIO Notice: C:\src\chromium\src\build\Debug\base_unittests.exe(159928)
---------------------------
Application C:\src\chromium\src\build\Debug\base_unittests.exe (159928).  Unrecoverable Error at PC 0x02684ce7.  Program aborted. 
0xc000008e 0x00000000 0x02684ce7 0x02684ce7 0x00000000 0x00000000
Delta: 0x00000000
Registers: eax=0x208c2ab8 ebx=0x00001a76 ecx=0x028a3584 edx=0x00000000
    esi=0x028a3584 edi=0x75c9400c esp=0x21b994f8 ebp=0x21b99718
    eflags=0x00010206
version 2.0.579, custom build
-client_lib 'C:\src\drmemory\git\build_drmemory/bin/debug/drmemorylib.dll;0;-pause_at_assert -logdir `C:\src\drmemory\git\build_drmemory/logs` -resfile_out ' -code_api -probe_api -msgbox_mas
0x21b99718 0x0280e140
0x21b9996c 0x02816436
0x21b99998 0x0274d013
0x21b999c4 0x0273f57a
0x21b99f44 0x1b1700a9
0x0475e1b4 0x76c40db7
0x0475e1e0 0x76ce0104
0x0475e5f4 0x75ca0d69
0x04
---------------------------
OK  
---------------------------

0:006> !error c000008e
Error code: (NTSTATUS) 0xc000008e (3221225614) - {EXCEPTION}  Floating-point division by zero.

Intel manual: fldz will raise #MF "If there is a pending x87 FPU exception"
div-by-zero is bit 0x4 in FPU status word.

0:001> .cxr 21b99210
eax=208c2ab8 ebx=00001a76 ecx=028a3584 edx=00000000 esi=028a3584 edi=75c9400c
eip=02684ce7 esp=21b994f8 ebp=21b99718 iopl=0         nv up ei pl nz na po nc
cs=0023  ss=002b  ds=002b  es=002b  fs=0053  gs=002b             efl=00010206
dynamorio!our_vsnprintf+0x37:
02684ce7 d9ee             fldz
0:001> kn
  **\* Stack trace for last set context - .thread/.cxr resets it
 # ChildEBP RetAddr  
00 21b9957c 026b9d9a dynamorio!our_vsnprintf+0x37 [c:\src\dr\git\src\core\io.c @ 219]
01 21b99594 027f026e dynamorio!dr_snprintf+0x1a [c:\src\dr\git\src\core\x86\instrument.c @ 3042]
02 21b99718 0280e140 drmemorylib!packed_callstack_print+0x159e [c:\src\drmemory\git\src\common\callstack.c @ 876]
03 21b9996c 02816436 drmemorylib!report_error+0x520 [c:\src\drmemory\git\src\drmemory\report.c @ 1240]
04 21b99998 0274d013 drmemorylib!report_undefined_read+0x26 [c:\src\drmemory\git\src\drmemory\report.c @ 1358]
05 21b999c4 0273f57a drmemorylib!check_register_defined+0x83 [c:\src\drmemory\git\src\drmemory\readwrite.c @ 2908]
06 21b99f44 1b1700a9 drmemorylib!slow_path+0x21fa [c:\src\drmemory\git\src\drmemory\readwrite.c @ 1808]
WARNING: Frame IP not in any known module. Following frames may be wrong.
07 0475e1b4 76c40db7 0x1b1700a9
08 0475e1b4 76c40db7 RPCRT4!NdrpSizing+0x8c
09 0475e1e0 76ce0104 RPCRT4!NdrpSizing+0x8c
0a 0475e5f4 75ca0d69 RPCRT4!NdrClientCall2+0x161
0b 0475e60c 75ca0808 sechost!LsaLookuprTranslateNames3+0x19
0c 0475e66c 75ca08ec sechost!LsaICLookupNames+0x4f
0d 0475e69c 75ca0055 sechost!LsaLookupTranslateNames+0x36
0e 0475e708 75ca028e sechost!LookupAccountNameInternal+0x87
0f 0475e72c 76c542a0 sechost!LookupAccountNameLocalW+0x1e
10 0475e764 76c542da RPCRT4!RpcpLookupAccountNameDirect+0x67
11 0475e780 76c54166 RPCRT4!RpcpLookupAccountName+0x2d
12 0475e804 76c620c0 RPCRT4!LRPC_BASE_BINDING_HANDLE::SetAuthInformation+0x106
13 0475e850 76c62041 RPCRT4!LRPC_FAST_BINDING_HANDLE::SetAuthInformation+0x50
0:001> rF
Last set context:
fpcw=0050    fpsw=82F4    fptw=CAFA
st0=-0.0001905814019800495400e-1136  st1= 0.1171682078172755041600e-4932
st2=-0.8941184687518797354300e-2242  st3=-2.1726113842826760990700e+4647
st4=-3.0908524796613484035100e+3158  st5=-0.2219713745777318247700e+3107
st6=-3.0207438829463653212500e-4624  st7=-5.3780787431517688368400e+2797
dynamorio!our_vsnprintf+0x37:
02684ce7 d9ee             fldz

our_vsnprintf uses some FP instrs even if not passed FP args.

0:006> U dynamorio!our_vsnprintf 02684cfe 
dynamorio!our_vsnprintf [c:\src\dr\git\src\core\io.c @ 209]:
02684cb0 83ec78           sub     esp,0x78
02684cb3 8b8c2484000000   mov     ecx,[esp+0x84]
02684cba 8b44247c         mov     eax,[esp+0x7c]
02684cbe 33d2             xor     edx,edx
02684cc0 8954240c         mov     [esp+0xc],edx
02684cc4 89442418         mov     [esp+0x18],eax
02684cc8 3bca             cmp     ecx,edx
02684cca 7506             jnz     dynamorio!our_vsnprintf+0x22 (02684cd2)
02684ccc 33c0             xor     eax,eax
02684cce 83c478           add     esp,0x78
02684cd1 c3               ret
02684cd2 53               push    ebx
02684cd3 8b9c2484000000   mov     ebx,[esp+0x84]
02684cda 55               push    ebp
02684cdb 56               push    esi
02684cdc 57               push    edi
02684cdd 8bf1             mov     esi,ecx
02684cdf 3811             cmp     [ecx],dl
02684ce1 0f84f5070000     je      dynamorio!our_vsnprintf+0x82c (026854dc)
02684ce7 d9ee             fldz
02684ce9 8bbc2498000000   mov     edi,[esp+0x98]
02684cf0 d9e8             fld1
02684cf2 dd0540556e02 fld qword ptr [dynamorio!_realbff0000000000000 (026e5540)]
02684cf8 dd0538556e02     fld     qword ptr [dynamorio!_real (026e5538)]

solution: split out the floating-point code into a separate function from
the main our_vsnprintf().

another instance in decode_operand():

0:000> !error c0000090
Error code: (NTSTATUS) 0xc0000090 (3221225616) - {EXCEPTION}  Floating-point invalid operation.
0:000> U 281a298
dynamorio!decode_operand+0x288 [c:\src\dr\git\src\core\x86\decode.c @ 1310]:
0281a298 d9ee             fldz
0281a29a 51               push    ecx
0281a29b 8d4c2418         lea     ecx,[esp+0x18]
0281a29f d91c24           fstp    dword ptr [esp]
0281a2a2 51               push    ecx
0281a2a3 e828d50000       call   dynamorio!opnd_create_immed_float (028277d0)
0281a2a8 83c408           add     esp,0x8

_Original issue: http://code.google.com/p/dynamorio/issues/detail?id=386_
