### ISSUE TITLE
CRASH at int 0x2e on win10 1909 at DR init

### ISSUE THREAD

**Issue by derekbruening** [DynamoRIO/dynamorio#4426]
I've hit this in two scenarios now: one investigating Dr. Memory symbol generation problems for 32-bit on win10 1909, and another with plain DR doing a bisect for #4421 .

The second is simpler.  I'm just running:
```
bin32/drrun -stderr_mask 15 -t drcov -- suite/tests/bin/common.segfault.exe
```

The crash is reported like this:
```
---------------------------
DrCov Notice: D:\derek\dr\git\build_x86_dbg_tests\suite\tests\bin\common.segfault.exe(9984)
---------------------------
Application D:\derek\dr\git\build_x86_dbg_tests\suite\tests\bin\common.segfault.exe (9984).  DrCov internal crash at PC 0x5fab9a42.  Please report this at http://dynamorio.org/issues.  Program aborted.
0xc0000005 0x00000000 0x5fab9a42 0x5fab9a42 0x00000000 0xffffffff
Base: 0x5f840000
Registers: eax=0x00000023 ebx=0x7682f4b0 ecx=0x0000004c edx=0x00fee42c
	esi=0x00000000 edi=0x00fefe44 esp=0x00fee424 ebp=0x00fee46c
	eflags=0x00010202
version 8.0.18439, custom build
-no_dynamic_options -client_lib 'D:\derek\dr\git\build_x86_dbg_tests\clients\lib32\debug\drcov.dll;0;' -client_lib32 'D:\derek\dr\git\build_x86_dbg_tests\clients\lib32\debug\drcov.dll;0;' -client_lib64 'D:\derek\dr\git\build_x86_dbg_tests\clients\lib32\debug\drcov.dll;0;' -code_api -probe_api -stderr_mask 15 -stack_size 
0x00fee46c 0x5fb10b8d
0x00fee49c 0x5fad8884
0x00fee4cc 0x5f9801d5
0x00fee550 0x5fafb2ab
0x00fee5b4 0x5faeba04
0x00fee5f0 0x5faf9ea7
0x00fef24c 0x5f84cdae
0x00fefb08 0x5fab8ea1
0x00fefb70 0x5fab9808
---------------------------
OK   
---------------------------
```

The debugger shows that's a read of -1 at `int 0x2e` during DR init:
```
0:000> .exr @@(pExcptRec)
ExceptionAddress: 5fac9752 (dynamorio!dynamorio_syscall_int2e+0x00000008)
   ExceptionCode: c0000005 (Access violation)
  ExceptionFlags: 00000000
NumberParameters: 2
   Parameter[0]: 00000000
   Parameter[1]: ffffffff
Attempt to read from address ffffffff
0:000> .cxr @@(cxt)
eax=00000023 ebx=7682f4b0 ecx=0000004c edx=010fe52c esi=00000000 edi=010fff44
eip=5fac9752 esp=010fe524 ebp=010fe56c iopl=0         nv up ei pl nz na po nc
cs=0023  ss=002b  ds=002b  es=002b  fs=0053  gs=002b             efl=00010202
dynamorio!dynamorio_syscall_int2e+0x8:
5fac9752 cd2e            int     2Eh
0:000> kn
  *** Stack trace for last set context - .thread/.cxr resets it
 # ChildEBP RetAddr  
00 010fe56c 5fb208ad dynamorio!dynamorio_syscall_int2e+0x8 [D:\derek\dr\git\build_x86_dbg_tests\core\CMakeFiles\dynamorio.dir\arch\x86\x86.asm.obj.s @ 2354] 
01 010fe59c 5fae8574 dynamorio!query_virtual_memory+0x1d [d:\derek\dr\git\src\core\win32\ntdll.c @ 2181] 
02 010fe5cc 5f9900d5 dynamorio!get_allocation_base+0x14 [d:\derek\dr\git\src\core\win32\os.c @ 5485] 
03 010fe650 5fb0afab dynamorio!alloc_landing_pad+0x25 [d:\derek\dr\git\src\core\heap.c @ 5686] 
04 010fe6b4 5fafb6f4 dynamorio!intercept_syscall_wrapper+0x17b [d:\derek\dr\git\src\core\win32\callback.c @ 2634] 
05 010fe6f0 5fb09ba7 dynamorio!init_syscall_trampolines+0x114 [d:\derek\dr\git\src\core\win32\syscall.c @ 891] 
06 010ff34c 5f85cd5e dynamorio!callback_interception_init_finish+0x1d7 [d:\derek\dr\git\src\core\win32\callback.c @ 7805] 
07 010ffc08 5fac8bb1 dynamorio!dynamorio_app_init+0x61e [d:\derek\dr\git\src\core\dynamo.c @ 692] 
08 010ffc70 5fac9518 dynamorio!auto_setup+0x21 [d:\derek\dr\git\src\core\arch\x86_code.c @ 169] 
09 00000000 00000000 dynamorio!dynamo_auto_start+0x8 [D:\derek\dr\git\build_x86_dbg_tests\core\CMakeFiles\dynamorio.dir\arch\x86\x86.asm.obj.s
```

At first I thought that 1909 dropped support for `int 0x2e`: but DR uses it and works in other builds, including 8.0.0-1 and HEAD.

For the DrM case I did investigate the page for pc:
```
dynamorio!dynamorio_syscall_int2e+0x8:
6d938a42 cd2e            int     2Eh
0:000> !vprot eip
BaseAddress:       6d938000
AllocationBase:    6d6c0000
AllocationProtect: 00000080  PAGE_EXECUTE_WRITECOPY
RegionSize:        0009f000
State:             00001000  MEM_COMMIT
Protect:           00000020  PAGE_EXECUTE_READ
Type:              01000000  MEM_IMAGE
```

I made an app that does an int 2e for NtYieldExecution and it also gets a
segfault there:
```
#include <stdio.h>
int main() {
    fprintf(stderr, "about to asm\n");
    __asm {
        mov eax,46h
        lea edx,[esp]
        int 2eh
    };
    fprintf(stderr, "just did asm\n");
    return 0;
}
```
```
0:000> g
(3460.1300): Access violation - code c0000005 (first chance)
First chance exceptions are reported before any exception handling.
This exception may be expected and handled.
*** WARNING: Unable to verify checksum for int2e.exe
eax=00000046 ebx=00456000 ecx=00270a0d edx=006ffdfc esi=002c1c8c edi=00915e50
eip=00266573 esp=006ffdfc ebp=006ffdfc iopl=0         nv up ei pl nz na pe nc
cs=0023  ss=002b  ds=002b  es=002b  fs=0053  gs=002b             efl=00010206
int2e!main+0x23:
00266573 cd2e            int     2Eh
0:000> .exr -1
ExceptionAddress: 00266573 (int2e!main+0x00000023)
   ExceptionCode: c0000005 (Access violation)
  ExceptionFlags: 00000000
NumberParameters: 2
   Parameter[0]: 00000000
   Parameter[1]: ffffffff
Attempt to read from address ffffffff
```

Hmm so how does it work with some DR builds?

**Comment by derekbruening** [comment]
Happening on 2004 too.  Bisect shows it goes away and comes back: so
varying based on dll size or layout or sthg.

On 8.0.18494 where it works we use wow64, not int2e:
```
00 012ffbdc 5a02b87c dynamorio!dynamorio_syscall_wow64_noedx+0x18 [C:\projects\dynamorio\build\build_release-32\core\CMakeFiles\dynamorio.dir\arch\x86\x86.asm.obj.s @ 2555] 
01 (Inline) -------- dynamorio!nt_remote_query_virtual_memory+0x6b [c:\projects\dynamorio\core\win32\ntdll.c @ 2168] 
02 012ffc00 5a013e92 dynamorio!query_virtual_memory+0x6c [c:\projects\dynamorio\core\win32\ntdll.c @ 2181] 
03 012ffc2c 59fb2a51 dynamorio!get_allocation_base+0x12 [c:\projects\dynamorio\core\win32\os.c @ 5511] 
04 012ffc5c 5a02551d dynamorio!alloc_landing_pad+0x21 [c:\projects\dynamorio\core\heap.c @ 5700] 
05 012ffc9c 5a01bdb4 dynamorio!intercept_syscall_wrapper+0x7d [c:\projects\dynamorio\core\win32\callback.c @ 2634] 
06 012ffcd4 5a020050 dynamorio!init_syscall_trampolines+0xc4 [c:\projects\dynamorio\core\win32\syscall.c @ 891] 
07 012ffcd8 59f95401 dynamorio!callback_interception_init_finish+0x110 [c:\projects\dynamorio\core\win32\callback.c @ 7805] 
08 012ffce8 5a010723 dynamorio!dynamorio_app_init+0x211 [c:\projects\dynamorio\core\dynamo.c @ 692] 
0:000> x dynamorio!dr_which_sys*
5a0cf068          dynamorio!dr_which_syscall_t = DR_SYSCALL_WOW64 (0n3)
```
Aha, the bad cases start out ok, but at some point they switch to int2e b/c
of what looks like memory corrpution:
```
0:000> x dynamorio!dr_which_sys*
5ef3f02c          dynamorio!dr_which_syscall_t = 0n407 (No matching enumerant)
```

Written here:
```
0:001> x dynamorio!dr_which_sys*
5ef3f02c          dynamorio!dr_which_syscall_t = DR_SYSCALL_WOW64 (0n3)
0:001> ba w4 5ef3f02c        
0:001> bl
     0 e Disable Clear  5ef3f02c w 4 0001 (0001)  0:**** dynamorio!dr_which_syscall_t
0:001> g
ModLoad: 73260000 7326a000   drcovlib.dll
ModLoad: 73240000 73254000   drx.dll 
ModLoad: 73230000 7323c000   drreg.dll
ModLoad: 64be0000 64bee000   drmgr.dll
Breakpoint 0 hit
eax=00000197 ebx=7682f4b0 ecx=00000001 edx=00000000 esi=77342e41 edi=5ef3f02c
eip=77347518 esp=00b3df88 ebp=00b3df90 iopl=0         nv up ei ng nz ac pe cy
cs=0023  ss=002b  ds=002b  es=002b  fs=0053  gs=002b             efl=00000297
ntdll!memcpy+0x138:
77347518 8d048d00000000  lea     eax,[ecx*4]
0:000> kn
 # ChildEBP RetAddr  
WARNING: Stack unwind information not available. Following frames may be wrong.
00 00b3df90 5edab6d6 ntdll!memcpy+0x138
01 00b3dffc 5ed9bdf4 dynamorio!intercept_syscall_wrapper+0x166 [d:\derek\dr\git\src\core\win32\callback.c @ 2622] 
02 00b3e038 5edaa2e7 dynamorio!init_syscall_trampolines+0x114 [d:\derek\dr\git\src\core\win32\syscall.c @ 891] 
03 00b3ec94 5eafcf5e dynamorio!callback_interception_init_finish+0x1d7 [d:\derek\dr\git\src\core\win32\callback.c @ 7805] 
04 00b3f550 5ed69281 dynamorio!dynamorio_app_init+0x61e [d:\derek\dr\git\src\core\dynamo.c @ 692] 
05 00b3f5b8 5ed69be8 dynamorio!auto_setup+0x21 [d:\derek\dr\git\src\core\arch\x86_code.c @ 169] 
06 00000000 00000000 dynamorio!dynamo_auto_start+0x8 [D:\derek\dr\git\build_x86_dbg_tests\core\CMakeFiles\dynamorio.dir\arch\x86\x86.asm.obj.s @ 1625] 
0:000> x dynamorio!dr_which_sys*
5ef3f02c          dynamorio!dr_which_syscall_t = 0n407 (No matching enumerant)
0:000> .frame 1
01 00b3dffc 5ed9bdf4 dynamorio!intercept_syscall_wrapper+0x166 [d:\derek\dr\git\src\core\win32\callback.c @ 2622] 
0:000> dv
             ptgt_pc = 0x5ef3612c
           prof_func = 0x5ed9c870
          callee_arg = 0x00000037
        action_after = AFTER_INTERCEPT_DYNAMIC_DECISION (0n3)
     skip_syscall_pc = 0x5ef36024
       orig_bytes_pc = 0x5ef36234
fpo_stack_adjustment = 0x00000000 ""
                name = 0x7324e818 "NtSetInformationJobObject"
              ret_pc = 0x77342e4c "???"
        changed_prot = 0n0 ''
                  pc = 0x5ef3f02b "???"
             emit_pc = 0x773df94c ""
            dcontext = 0x1d2d5040
              tgt_pc = 0x77342e40 "???"
               instr = 0x77342e40
        xl8_start_pc = 0x00000000 ""
          lpad_start = 0x001a3000 "???"
                  ok = 0n-77 ''
      lpad_resume_pc = 0x773e6473 "NtSetInformationJobObject"
             lpad_pc = 0x1d2d5040 ""
   after_hook_target = 0x77342e4a "???"
               ilist = struct _instr_list_t
   hook_return_instr = 0x00000000
0:000> x dynamorio!interception_*
5ef19dbc          dynamorio!interception_point = INTERCEPT_PREINJECT (0n1)
5ef38000          dynamorio!interception_code_array = unsigned char [28672] "X???"
5ef3703c          dynamorio!interception_cur_pc = 0x5ef3f02b "???"
5ef37038          dynamorio!interception_code = 0x5ef38000 "X???"
```

#define INTERCEPTION_CODE_SIZE IF_X64_ELSE(9 * 4096, 7 * 4096)

So it overflowed.
Where's our check for that?  We crash before it gets there I guess.
