### ISSUE TITLE
Access violation under drrun: trivial x86 app on Windows x64 without client

### ISSUE THREAD

**Issue by debach** [DynamoRIO/dynamorio#5382]
## Synopsis

An access violation is triggered by `dynamorio!safe_read_asm_mid` when running a trivial application under a debug build DynamoRIO without any client.

Versions:
- Windows 10, Version 1909 (Build 18363.2094)
- DynamoRIO custom debug build of ca33a67c, right after cronbuild-9.0.19042

This report:
1. [Synopsis](#synopsis)
2. [App](#app)
3. [Access violation](#access-violation)
4. [Output of drrun](#output-of-drrun)
5. [Reproduction and build procedure](#reproduction-and-build-procedure)
6. [Further info](#further-info)

## App

```
// C:\test\client\HelloWorld.cpp
#include <iostream>
int main() {
	std::cout << "Hello CMake." << std::endl;
	return 0;
}
```

## Access violation

Invoked via (the `-o` switch is equivalent to `.childdbg 1`):

    "C:\Program Files (x86)\Windows Kits\10\Debuggers\x86\windbg.exe" -o ^
        C:\test\dynamorio\build\vs17-32-debug-ca33a67c\bin32\drrun.exe -debug -- ^
        C:\test\client\build\vs17-32-debug-ca33a67c\Debug\HelloWorld.exe

The first excerpt is the result of following the steps described at https://dynamorio.org/page_debugging.html#autotoc_md153
```
CommandLine: C:\test\dynamorio\build\vs17-32-debug-ca33a67c\bin32\drrun.exe -debug -- C:\test\client\build\vs17-32-debug-ca33a67c\Debug\HelloWorld.exe

0:000> bp drinjectlib!inject_gencode_mapped_helper
0:000> g
ModLoad: 71640000 71640000   dynamorio.dll
Breakpoint 0 hit
0:000> gu
drinjectlib!inject_gencode_mapped+0x12f:
71b15f2f 83c428          add     esp,28h
0:000> r $t0=poi(map)
0:000> g
ntdll!LdrpDoDebuggerBreak+0x2b:
770bed52 cc              int     3
1:003> .sympath C:\test\dynamorio\build\vs17-32-debug-ca33a67c\lib32\debug
1:003> .reload dynamorio.dll=@$t0
1:003> bp dynamorio!dynamorio_earliest_init_takeover
1:003> g
dynamorio!dynamorio_earliest_init_takeover:
71962819 50              push    eax
1:003> g
```

Now the access violation happens:

```
ModLoad: 74a50000 74a5f000   C:\Windows\SysWOW64\kernel.appcore.dll
(2ca4.2a00): Access violation - code c0000005 (first chance)
First chance exceptions are reported before any exception handling.
This exception may be expected and handled.
eax=1d6ed714 ebx=00000202 ecx=00000001 edx=00000004 esi=fffffffc edi=1d6ed714
eip=7196276f esp=1d6ed684 ebp=1d6ed6a8 iopl=0         nv up ei pl nz ac po nc
cs=0023  ss=002b  ds=002b  es=002b  fs=0053  gs=002b             efl=00010212
dynamorio!safe_read_asm_mid:
7196276f f3a5            rep movs dword ptr es:[edi],dword ptr [esi]
1:003> k
 # ChildEBP RetAddr  
00 1d6ed6a8 718db84f dynamorio!safe_read_asm_mid
01 1d6ed6c8 7181bd49 dynamorio!d_r_safe_read+0x1f
02 1d6ed718 7181bdd6 dynamorio!is_annotation_tag+0x129
03 1d6ed740 7181b25c dynamorio!identify_annotation+0x26
04 1d6ed844 718a110b dynamorio!instrument_annotation+0x14c
05 1d6edd64 71882249 dynamorio!build_bb_ilist+0x1f1b
06 1d6edf04 716ef224 dynamorio!build_basic_block_fragment+0x359
07 1d6edff4 1d69d122 dynamorio!d_r_dispatch+0x8b4
WARNING: Frame IP not in any known module. Following frames may be wrong.
08 1d6edff8 1d6ca040 0x1d69d122
09 1d69d122 00000000 0x1d6ca040
```

Out of curiosity, when I continue:

```
1:003> gN
ModLoad: 75530000 755ef000   C:\Windows\SysWOW64\msvcrt.dll
ModLoad: 74800000 748b9000   C:\Windows\SysWOW64\RPCRT4.dll
ModLoad: 747e0000 74800000   C:\Windows\SysWOW64\SspiCli.dll
ModLoad: 747d0000 747da000   C:\Windows\SysWOW64\CRYPTBASE.dll
ModLoad: 74c70000 74cd2000   C:\Windows\SysWOW64\bcryptPrimitives.dll
ModLoad: 76e90000 76f06000   C:\Windows\SysWOW64\sechost.dll
WARNING: Stack overflow detected. The unwound frames are extracted from outside normal stack bounds.
eax=00000000 ebx=1952d6c4 ecx=00000001 edx=00000004 esi=71962374 edi=00ed3ee4
eip=7196237b esp=00ed3ee4 ebp=1952d6c4 iopl=0         nv up ei pl nz na pe nc
cs=0023  ss=002b  ds=002b  es=002b  fs=0053  gs=002b             efl=00000206
dynamorio!global_do_syscall_wow64+0x7:
7196237b eb0b            jmp     dynamorio!debug_infinite_loop (71962388)

1:003> g
ModLoad: 74a50000 74a5f000   C:\Windows\SysWOW64\kernel.appcore.dll
eax=00000000 ebx=00a537d0 ecx=00000000 edx=00000000 esi=00a537d0 edi=00a443b0
eip=77084a4c esp=00c3f9f8 ebp=00c3fbb0 iopl=0         nv up ei pl nz na po nc
cs=0023  ss=002b  ds=002b  es=002b  fs=0053  gs=002b             efl=00000202
ntdll!ZwWaitForWorkViaWorkerFactory+0xc:
77084a4c c21400          ret     14h

0:001> g
       ^ No runnable debuggees error in 'g'
```

## Output of drrun

This is the output of the drrun.exe window while running under WinDbg x86 at the time of the access violation:

```
<Starting application C:\test\client\build\vs17-32-debug-ca33a67c\Debug\HelloWorld.exe (3236)>
<Running on newer-than-this-build "Microsoft Windows 10-1909 x64">
<Early threads found>
<Initial options = -no_dynamic_options -code_api -probe_api -stack_size 56K -max_elide_jmp 0 -max_elide_call 0 -no_inline_ignored_syscalls -native_exec_default_list '' -no_native_exec_managed_code -no_indcall2direct -no_aslr_dr >
Hello CMake.
```

After `gN`:

```
<Stopping application C:\test\client\build\vs17-32-debug-ca33a67c\Debug\HelloWorld.exe (3236)>
<Failed to suspend attached-but-never-scheduled thread 9444>
<Failed to suspend attached-but-never-scheduled thread 12640>
```

### DynamoRIO build

```
$> cd C:\test
$> git clone https://github.com/DynamoRIO/dynamorio.git
$> cd dynamorio
$> git rev-parse --short HEAD
ca33a67c
$> mkdir -p build\vs17-32-debug-ca33a67c && cd build\vs17-32-debug-ca33a67c
$> cmake -G"Visual Studio 15 2017" ..\.. -DDEBUG=ON
$> cmake --build . --config Debug
```

### App build

```
$> cd C:\test\client && dir /B
CMakeLists.txt
HelloWorld.cpp
$> type HelloWorld.cpp
#include <iostream>
int main() {
	std::cout << "Hello CMake." << std::endl;
	return 0;
}
$> type CmakeLists.txt
cmake_minimum_required (VERSION 3.13)
project(Test)
add_executable (HelloWorld "HelloWorld.cpp")
$> mkdir -p build\vs17-32-debug-ca33a67c && cd build\vs17-32-debug-ca33a67c
$> cmake -G"Visual Studio 15 2017" ..\..
$> cmake --build . --config Debug
```

## Further info

I actually want to debug a real client on a real app, but distilling a minimum reproductive example lead me to this trivial case.
