### ISSUE TITLE
CRASH (r102 release tests/linux/clone) record_pending_signal SIGCHLD: SYS_exit_group instead of SYS_exit

### ISSUE THREAD

**Issue by derekbruening** [DynamoRIO/dynamorio#94]
_From [derek.br...@gmail.com](https://code.google.com/u/117968039472581148324/) on March 23, 2009 17:57:48_

tests/linux/clone in release build only has a segfault on receiving
SIGCHLD.  My debugging notes are below.  The fundamental issue is why the C
code ends up calling SYS_exit_group by default instead of SYS_exit and why
the group doesn't end up exiting: FIXME: check kernel sources

The crash doesn't happen in debug build b/c we don't do the
synch_with_all_threads() there on Linux and thus don't clean up the other
threads: I'm fixing that as part of this bug fix (we only recently added
synch support in general on linux so not surprising it was overlooked).
When that is fixed, debug build also crashes.

Program received signal SIGSEGV, Segmentation fault.
record_pending_signal (dcontext=0x777a57a0, sig=17, ucxt=<value optimized
out>, 
    frame=0x77866058, forged=0) at
/work/dr/tot/opensource/core/linux/signal.c:2290
2290                if ((f->flags & FRAG_LINKED_OUTGOING) != 0) {         

Missing separate debuginfos, use: debuginfo-install glibc-2.9-3.x86_64    

(gdb) bt                                                                  

#0  record_pending_signal (dcontext=0x777a57a0, sig=17, ucxt=<value
optimized out>, 
    frame=0x77866058, forged=0) at
/work/dr/tot/opensource/core/linux/signal.c:2290 
#1  0x00000000710c4540 in master_signal_handler_C (sig=17, siginfo=<value
optimized out>, 
    ucxt=0x77866060, xsp=0x77866058 "pa\vq") at
/work/dr/tot/opensource/core/linux/signal.c:2853
#2  0x00000000710b6170 in syscall_ready () 
   from /work/dr/tot/exports/lib64/release/libdynamorio.so 
#3  0x0000000000000000 in ?? () r13 0x77911019       2005995545 r14 0x777a57a0       2004506528
rip            0x710c3f06       0x710c3f06 <record_pending_signal+1510>
=>
0x00000000710c3ef8 <record_pending_signal+1496>:        mov    &#37; r13 ,&#37;rsi
0x00000000710c3efb <record_pending_signal+1499>:        mov    &#37; r14 ,&#37;rdi
0x00000000710c3efe <record_pending_signal+1502>:        callq  0x710437f0
<fragment_pclookup>
0x00000000710c3f03 <record_pending_signal+1507>:        mov    &#37;rax,&#37;rbp
0x00000000710c3f06 <record_pending_signal+1510>:        mov    0x8(&#37;rax),&#37;eax
=>
0x0000000077911019:     cmp    $0xfffffffffffff001,&#37;rax
0x000000007791101f:     jae    0x778013c8
0x0000000077911025:     jmpq   0x778013df

pclookup fails.
lots of weird stuff:
1) direct exit stubs have messed-up first instr:

  (gdb) disass 0x778013c8 0x778013c8+20  
  Dump of assembler code from 0x778013c8 to 0x778013dc:  
  0x00000000778013c8:     mov    $0x13,&#37;cl  
  0x00000000778013ca:     xorb   $0x0,0x0(&#37;rdi)  
  0x00000000778013ce:     add    &#37;al,(&#37;rax)  
  0x00000000778013d0:     mov    $0x77872d50,&#37;rax  
  0x00000000778013da:     jmpq   0x777d21a0  
  (gdb) disas 0x778013df 0x778013df+25
  Dump of assembler code from 0x778013df to 0x778013f8:
  0x00000000778013df:     enterq $0x8013,$0x77  
  0x00000000778013e3:     add    &#37;al,(&#37;rax)  
  0x00000000778013e5:     add    &#37;al,(&#37;rax)  
  0x00000000778013e7:     mov    $0x77872d70,&#37;rax  
  0x00000000778013f1:     jmpq   0x777d21a0  
  0x00000000778013f6:     addr32 mov &#37;rax,&#37;gs:0x0  
  (gdb) x/24xb 0x778013df
  0x778013df:     0xc8    0x13    0x80    0x77    0x00    0x00    0x00    0x00
  0x778013e7:     0x48    0xb8    0x70    0x2d    0x87    0x77    0x00    0x00
  0x778013ef:     0x00    0x00    0xe9    0xaa    0x0d    0xfd    0xff    0x67
  (gdb) x/24xb 0x778013c8
  0x778013c8:     0xb1    0x13    0x80    0x77    0x00    0x00    0x00    0x00
  0x778013d0:     0x48    0xb8    0x50    0x2d    0x87    0x77    0x00    0x00
  0x778013d8:     0x00    0x00    0xe9    0xc1    0x0d    0xfd    0xff    0xc8
  (gdb) x/1xg 0x778013c8
  0x778013c8:     0x00000000778013b1
  (gdb) x/1xg 0x778013df
  0x778013df:     0x00000000778013c8

  => somebody is writing pointers to random places?
  and not just any pointers: exit stub entry pcs
  are these separate stub free list entries?
  that also explains the stub_pc fields being 0 below

2) tag is zeroed out in fragment, and stub_pc fields are zero:

  (gdb) p /x _(direct_linkstub_t_)0x77872d70
  $15 = {cdl = {l = {flags = 0x9801, cti_offset = 0x1d}, next_incoming = 0x0},
    target_tag = 0x3ea40a7f58, stub_pc = 0x0}
  (gdb) p /x _(direct_linkstub_t_)0x77872d50
  $16 = {cdl = {l = {flags = 0x8811, cti_offset = 0x17}, next_incoming = 0x0},
    target_tag = 0x3ea40a7fa1, stub_pc = 0x0}
  (gdb) disass 0x000000007791101f-0x17 0x77911008+30
  Dump of assembler code from 0x77911008 to 0x77911026:
  0x0000000077911008:     mov    $0x23,&#37;eax
  0x000000007791100d:     jmpq   0x77911017
  0x0000000077911012:     jmpq   0x778013b1
  0x0000000077911017:     syscall
  0x0000000077911019:     cmp    $0xfffffffffffff001,&#37;rax
  0x000000007791101f:     jae    0x778013c8
  0x0000000077911025:     jmpq   0x778013df

  (gdb) p _(post_linkstub_t_)0x77872d90
  $17 = {fragment_offset = 168, padding = 0}
  (gdb) p /x _(fragment_t_)(0x77872d90-168)
  $19 = {tag = 0x0, flags = 0x8001630, size = 0x22, prefix_size = 0x0,
fcache_extra = 0xa,
    start_pc = 0x77911008, in_xlate = {incoming_stubs = 0x0,
translation_info = 0x0},
    next_vmarea = 0x0, prev_vmarea = 0x77872ce8, also = {also_vmarea = 0x0,
flushtime = 0x0}}

  but we have syscall# so we know it's here:
  (gdb) disas nanosleep
  Dump of assembler code for function nanosleep:
  0x0000003ea40a7f40 <nanosleep+0>:       cmpl   $0x0,0x2c90e1(&#37;rip)  
 # 0x3ea4371028 <__libc_multiple_threads>
  0x0000003ea40a7f47 <nanosleep+7>:       jne    0x3ea40a7f59 <nanosleep+25>
  0x0000003ea40a7f49 <__nanosleep_nocancel+0>:    mov    $0x23,&#37;eax
  0x0000003ea40a7f4e <__nanosleep_nocancel+5>:    syscall
  0x0000003ea40a7f50 <__nanosleep_nocancel+7>:    cmp  
$0xfffffffffffff001,&#37;rax
  0x0000003ea40a7f56 <__nanosleep_nocancel+13>:   jae    0x3ea40a7fa1
<nanosleep+97>
  0x0000003ea40a7f58 <__nanosleep_nocancel+15>:   retq

3) the backpointer in the cache is messed up: was the fragment freedx as
well?  I tried running -no_free_private_stubs and still hit the bug, so the
fragment must be freed in order to free the stubs.  so we have a private
fragment that was freed while the thread was in a syscall inside the
fragment.

  (gdb) p /x 0x77872d90-168
  $20 = 0x77872ce8
  (gdb) x/16xb 0x0000000077911008-16
  0x77910ff8:     0x00    0x00    0x00    0x00    0x00    0x00    0x00    0x00
  0x77911000:     0x48    0x2e    0x87    0x77    0x00    0x00    0x00    0x00
  (gdb) x/2xg 0x0000000077911008-8
  0x77911000:     0x0000000077872e48      0x0005e900000023b8
  (gdb) p /x _(fragment_t_)0x0000000077872e48
  $22 = {tag = 0x77911008, flags = 0x20100, size = 0x0, prefix_size = 0x0,
fcache_extra = 0x0,
    start_pc = 0x0, in_xlate = {incoming_stubs = 0x77872e48,
translation_info = 0x77872e48},
    next_vmarea = 0x2c, prev_vmarea = 0x3ea40a7f49, also = {also_vmarea =
0x0, flushtime = 0x0}}

  our pclookup these days does a cache walk and with a messed-up backpointer
  doesn't find the fragment

here is the culprit deletion:

fragment_delete: *0x00000000400d2ce8
F0(0x0000003ea40a7f49).0x0000000040111008 bb 0x87
(gdb) bt
#0  print_file (f=1,
    fmt=0x710d1010 "fragment_delete: *0x&#37;016lx F&#37;d(0x&#37;016lx).0x&#37;016lx &#37;s
0x&#37;x\n")
    at /work/opensource/dynamorio/core/utils.c:1754
#1  0x0000000071047eda in fragment_delete (dcontext=0x400057a0,
f=0x400d3100, actions=135)
    at /work/opensource/dynamorio/core/fragment.c:3085
#2  0x0000000071048492 in hashtable_fragment_reset (dcontext=0x400057a0,
table=0x40005ee8)
    at /work/opensource/dynamorio/core/fragment.c:1219
#3  0x0000000071048ece in fragment_thread_reset_free (dcontext=<value
optimized out>)
    at /work/opensource/dynamorio/core/fragment.c:2229
#4  fragment_thread_exit (dcontext=0x400057a0)
    at /work/opensource/dynamorio/core/fragment.c:2261
#5  0x000000007103c40d in dynamo_process_exit ()
    at /work/opensource/dynamorio/core/dynamo.c:1196
#6  0x00000000710ba96c in cat_done_saving_dstack ()
   from /work/opensource/dynamorio/exports/lib64/release/libdynamorio.so
#7  0x00000000710ba9c3 in global_do_syscall_sysenter ()
   from /work/opensource/dynamorio/exports/lib64/release/libdynamorio.so
#8  0x0000000040136000 in ?? ()

=> it's that the app is doing SYS_exit_group() when the child thread exits
and we clean up: so why didn't the whole group go down?

Here's the original, with the thread function either returning or
explicitly calling _exit(0):

  Sideline thread finished 
  SYS_exit_group(231) in thread 10323 => cleaning up process 
  <Stopping application linux.clone (10322)> 
  T10323 0x00000000403d57a0 fragment_delete: *0x00000000404a2ce8
F0(0x0000003ea40a7f49).0x0000000040541008 bb 0x87 
  T10323 0x00000000404d52c0 fragment_delete: *0x0000000040512ed0
F0(0x0000003ea40d83a9).0x000000004055103c bb 0x87 
  T1...

_Original issue: http://code.google.com/p/dynamorio/issues/detail?id=94_
